Analysis & Synthesis report for list_07_01_02_03_addsub
Mon Apr  1 14:28:50 2019
Quartus II 32-bit Version 13.0.1 Build 232 06/12/2013 Service Pack 1 SJ Full Version


---------------------
; Table of Contents ;
---------------------
  1. Legal Notice
  2. Analysis & Synthesis Summary
  3. Analysis & Synthesis Settings
  4. Parallel Compilation
  5. Analysis & Synthesis Source Files Read
  6. Analysis & Synthesis Resource Usage Summary
  7. Analysis & Synthesis Resource Utilization by Entity
  8. General Register Statistics
  9. Elapsed Time Per Partition
 10. Analysis & Synthesis Messages



----------------
; Legal Notice ;
----------------
Copyright (C) 1991-2013 Altera Corporation
Your use of Altera Corporation's design tools, logic functions 
and other software and tools, and its AMPP partner logic 
functions, and any output files from any of the foregoing 
(including device programming or simulation files), and any 
associated documentation or information are expressly subject 
to the terms and conditions of the Altera Program License 
Subscription Agreement, Altera MegaCore Function License 
Agreement, or other applicable license agreement, including, 
without limitation, that your use is for the sole purpose of 
programming logic devices manufactured by Altera and sold by 
Altera or its authorized distributors.  Please refer to the 
applicable agreement for further details.



+---------------------------------------------------------------------------------------+
; Analysis & Synthesis Summary                                                          ;
+------------------------------------+--------------------------------------------------+
; Analysis & Synthesis Status        ; Successful - Mon Apr  1 14:28:50 2019            ;
; Quartus II 32-bit Version          ; 13.0.1 Build 232 06/12/2013 SP 1 SJ Full Version ;
; Revision Name                      ; list_07_01_02_03_addsub                          ;
; Top-level Entity Name              ; addsub                                           ;
; Family                             ; Cyclone IV E                                     ;
; Total logic elements               ; 24                                               ;
;     Total combinational functions  ; 24                                               ;
;     Dedicated logic registers      ; 0                                                ;
; Total registers                    ; 0                                                ;
; Total pins                         ; 25                                               ;
; Total virtual pins                 ; 0                                                ;
; Total memory bits                  ; 0                                                ;
; Embedded Multiplier 9-bit elements ; 0                                                ;
; Total PLLs                         ; 0                                                ;
+------------------------------------+--------------------------------------------------+


+---------------------------------------------------------------------------------------------------------------------------+
; Analysis & Synthesis Settings                                                                                             ;
+----------------------------------------------------------------------------+--------------------+-------------------------+
; Option                                                                     ; Setting            ; Default Value           ;
+----------------------------------------------------------------------------+--------------------+-------------------------+
; Device                                                                     ; EP4CE115F29C7      ;                         ;
; Top-level entity name                                                      ; addsub             ; list_07_01_02_03_addsub ;
; Family name                                                                ; Cyclone IV E       ; Cyclone IV GX           ;
; Use smart compilation                                                      ; Off                ; Off                     ;
; Enable parallel Assembler and TimeQuest Timing Analyzer during compilation ; On                 ; On                      ;
; Enable compact report table                                                ; Off                ; Off                     ;
; Restructure Multiplexers                                                   ; Auto               ; Auto                    ;
; Create Debugging Nodes for IP Cores                                        ; Off                ; Off                     ;
; Preserve fewer node names                                                  ; On                 ; On                      ;
; Disable OpenCore Plus hardware evaluation                                  ; Off                ; Off                     ;
; Verilog Version                                                            ; Verilog_2001       ; Verilog_2001            ;
; VHDL Version                                                               ; VHDL_1993          ; VHDL_1993               ;
; State Machine Processing                                                   ; Auto               ; Auto                    ;
; Safe State Machine                                                         ; Off                ; Off                     ;
; Extract Verilog State Machines                                             ; On                 ; On                      ;
; Extract VHDL State Machines                                                ; On                 ; On                      ;
; Ignore Verilog initial constructs                                          ; Off                ; Off                     ;
; Iteration limit for constant Verilog loops                                 ; 5000               ; 5000                    ;
; Iteration limit for non-constant Verilog loops                             ; 250                ; 250                     ;
; Add Pass-Through Logic to Inferred RAMs                                    ; On                 ; On                      ;
; Infer RAMs from Raw Logic                                                  ; On                 ; On                      ;
; Parallel Synthesis                                                         ; On                 ; On                      ;
; DSP Block Balancing                                                        ; Auto               ; Auto                    ;
; NOT Gate Push-Back                                                         ; On                 ; On                      ;
; Power-Up Don't Care                                                        ; On                 ; On                      ;
; Remove Redundant Logic Cells                                               ; Off                ; Off                     ;
; Remove Duplicate Registers                                                 ; On                 ; On                      ;
; Ignore CARRY Buffers                                                       ; Off                ; Off                     ;
; Ignore CASCADE Buffers                                                     ; Off                ; Off                     ;
; Ignore GLOBAL Buffers                                                      ; Off                ; Off                     ;
; Ignore ROW GLOBAL Buffers                                                  ; Off                ; Off                     ;
; Ignore LCELL Buffers                                                       ; Off                ; Off                     ;
; Ignore SOFT Buffers                                                        ; On                 ; On                      ;
; Limit AHDL Integers to 32 Bits                                             ; Off                ; Off                     ;
; Optimization Technique                                                     ; Balanced           ; Balanced                ;
; Carry Chain Length                                                         ; 70                 ; 70                      ;
; Auto Carry Chains                                                          ; On                 ; On                      ;
; Auto Open-Drain Pins                                                       ; On                 ; On                      ;
; Perform WYSIWYG Primitive Resynthesis                                      ; Off                ; Off                     ;
; Auto ROM Replacement                                                       ; On                 ; On                      ;
; Auto RAM Replacement                                                       ; On                 ; On                      ;
; Auto DSP Block Replacement                                                 ; On                 ; On                      ;
; Auto Shift Register Replacement                                            ; Auto               ; Auto                    ;
; Allow Shift Register Merging across Hierarchies                            ; Auto               ; Auto                    ;
; Auto Clock Enable Replacement                                              ; On                 ; On                      ;
; Strict RAM Replacement                                                     ; Off                ; Off                     ;
; Allow Synchronous Control Signals                                          ; On                 ; On                      ;
; Force Use of Synchronous Clear Signals                                     ; Off                ; Off                     ;
; Auto RAM Block Balancing                                                   ; On                 ; On                      ;
; Auto RAM to Logic Cell Conversion                                          ; Off                ; Off                     ;
; Auto Resource Sharing                                                      ; Off                ; Off                     ;
; Allow Any RAM Size For Recognition                                         ; Off                ; Off                     ;
; Allow Any ROM Size For Recognition                                         ; Off                ; Off                     ;
; Allow Any Shift Register Size For Recognition                              ; Off                ; Off                     ;
; Use LogicLock Constraints during Resource Balancing                        ; On                 ; On                      ;
; Ignore translate_off and synthesis_off directives                          ; Off                ; Off                     ;
; Timing-Driven Synthesis                                                    ; On                 ; On                      ;
; Report Parameter Settings                                                  ; On                 ; On                      ;
; Report Source Assignments                                                  ; On                 ; On                      ;
; Report Connectivity Checks                                                 ; On                 ; On                      ;
; Ignore Maximum Fan-Out Assignments                                         ; Off                ; Off                     ;
; Synchronization Register Chain Length                                      ; 2                  ; 2                       ;
; PowerPlay Power Optimization                                               ; Normal compilation ; Normal compilation      ;
; HDL message level                                                          ; Level2             ; Level2                  ;
; Suppress Register Optimization Related Messages                            ; Off                ; Off                     ;
; Number of Removed Registers Reported in Synthesis Report                   ; 5000               ; 5000                    ;
; Number of Swept Nodes Reported in Synthesis Report                         ; 5000               ; 5000                    ;
; Number of Inverted Registers Reported in Synthesis Report                  ; 100                ; 100                     ;
; Clock MUX Protection                                                       ; On                 ; On                      ;
; Auto Gated Clock Conversion                                                ; Off                ; Off                     ;
; Block Design Naming                                                        ; Auto               ; Auto                    ;
; SDC constraint protection                                                  ; Off                ; Off                     ;
; Synthesis Effort                                                           ; Auto               ; Auto                    ;
; Shift Register Replacement - Allow Asynchronous Clear Signal               ; On                 ; On                      ;
; Pre-Mapping Resynthesis Optimization                                       ; Off                ; Off                     ;
; Analysis & Synthesis Message Level                                         ; Medium             ; Medium                  ;
; Disable Register Merging Across Hierarchies                                ; Auto               ; Auto                    ;
; Resource Aware Inference For Block RAM                                     ; On                 ; On                      ;
; Synthesis Seed                                                             ; 1                  ; 1                       ;
+----------------------------------------------------------------------------+--------------------+-------------------------+


+------------------------------------------+
; Parallel Compilation                     ;
+----------------------------+-------------+
; Processors                 ; Number      ;
+----------------------------+-------------+
; Number detected on machine ; 40          ;
; Maximum allowed            ; 16          ;
;                            ;             ;
; Average used               ; 1.00        ;
; Maximum used               ; 1           ;
;                            ;             ;
; Usage by Processor         ; % Time Used ;
;     Processor 1            ; 100.0%      ;
;     Processors 2-40        ;   0.0%      ;
+----------------------------+-------------+


+-----------------------------------------------------------------------------------------------------------------------------------------------------------+
; Analysis & Synthesis Source Files Read                                                                                                                    ;
+----------------------------------+-----------------+-----------------+--------------------------------------------------------------------------+---------+
; File Name with User-Entered Path ; Used in Netlist ; File Type       ; File Name with Absolute Path                                             ; Library ;
+----------------------------------+-----------------+-----------------+--------------------------------------------------------------------------+---------+
; list_07_01_02_03_addsub.vhd      ; yes             ; User VHDL File  ; /home/vinicius.ls/DLP2/aula0104/pratica_cap7/list_07_01_02_03_addsub.vhd ;         ;
+----------------------------------+-----------------+-----------------+--------------------------------------------------------------------------+---------+


+----------------------------------------------------------+
; Analysis & Synthesis Resource Usage Summary              ;
+---------------------------------------------+------------+
; Resource                                    ; Usage      ;
+---------------------------------------------+------------+
; Estimated Total logic elements              ; 24         ;
;                                             ;            ;
; Total combinational functions               ; 24         ;
; Logic element usage by number of LUT inputs ;            ;
;     -- 4 input functions                    ; 0          ;
;     -- 3 input functions                    ; 14         ;
;     -- <=2 input functions                  ; 10         ;
;                                             ;            ;
; Logic elements by mode                      ;            ;
;     -- normal mode                          ; 10         ;
;     -- arithmetic mode                      ; 14         ;
;                                             ;            ;
; Total registers                             ; 0          ;
;     -- Dedicated logic registers            ; 0          ;
;     -- I/O registers                        ; 0          ;
;                                             ;            ;
; I/O pins                                    ; 25         ;
; Embedded Multiplier 9-bit elements          ; 0          ;
; Maximum fan-out node                        ; ctrl~input ;
; Maximum fan-out                             ; 16         ;
; Total fan-out                               ; 95         ;
; Average fan-out                             ; 1.28       ;
+---------------------------------------------+------------+


+-----------------------------------------------------------------------------------------------------------------------------------------------------------------------------+
; Analysis & Synthesis Resource Utilization by Entity                                                                                                                         ;
+----------------------------+-------------------+--------------+-------------+--------------+---------+-----------+------+--------------+---------------------+--------------+
; Compilation Hierarchy Node ; LC Combinationals ; LC Registers ; Memory Bits ; DSP Elements ; DSP 9x9 ; DSP 18x18 ; Pins ; Virtual Pins ; Full Hierarchy Name ; Library Name ;
+----------------------------+-------------------+--------------+-------------+--------------+---------+-----------+------+--------------+---------------------+--------------+
; |addsub                    ; 24 (24)           ; 0 (0)        ; 0           ; 0            ; 0       ; 0         ; 25   ; 0            ; |addsub             ; work         ;
+----------------------------+-------------------+--------------+-------------+--------------+---------+-----------+------+--------------+---------------------+--------------+
Note: For table entries with two numbers listed, the numbers in parentheses indicate the number of resources of the given type used by the specific entity alone. The numbers listed outside of parentheses indicate the total resources of the given type used by the specific entity and all of its sub-entities in the hierarchy.


+------------------------------------------------------+
; General Register Statistics                          ;
+----------------------------------------------+-------+
; Statistic                                    ; Value ;
+----------------------------------------------+-------+
; Total registers                              ; 0     ;
; Number of registers using Synchronous Clear  ; 0     ;
; Number of registers using Synchronous Load   ; 0     ;
; Number of registers using Asynchronous Clear ; 0     ;
; Number of registers using Asynchronous Load  ; 0     ;
; Number of registers using Clock Enable       ; 0     ;
; Number of registers using Preset             ; 0     ;
+----------------------------------------------+-------+


+-------------------------------+
; Elapsed Time Per Partition    ;
+----------------+--------------+
; Partition Name ; Elapsed Time ;
+----------------+--------------+
; Top            ; 00:00:00     ;
+----------------+--------------+


+-------------------------------+
; Analysis & Synthesis Messages ;
+-------------------------------+
Info: *******************************************************************
Info: Running Quartus II 32-bit Analysis & Synthesis
    Info: Version 13.0.1 Build 232 06/12/2013 Service Pack 1 SJ Full Version
    Info: Processing started: Mon Apr  1 14:28:46 2019
Info: Command: quartus_map --read_settings_files=on --write_settings_files=off list_07_01_02_03_addsub -c list_07_01_02_03_addsub
Info (11104): Parallel Compilation has detected 40 hyper-threaded processors. However, the extra hyper-threaded processors will not be used by default. Parallel Compilation will use 16 of the 20 physical processors detected instead.
Info (12021): Found 2 design units, including 1 entities, in source file list_07_01_02_03_addsub.vhd
    Info (12022): Found design unit 1: addsub-shared_arch
    Info (12023): Found entity 1: addsub
Info (12127): Elaborating entity "addsub" for the top level hierarchy
Info (286030): Timing-Driven Synthesis is running
Warning (20013): Ignored assignments for entity "list_07_01_02_03_addsub" -- entity does not exist in design
    Warning (20014): Assignment for entity set_instance_assignment -name LL_MEMBER_OF addsub -to Add0 -entity list_07_01_02_03_addsub -section_id addsub was ignored
    Warning (20014): Assignment for entity set_instance_assignment -name LL_MEMBER_OF addsub -to a -entity list_07_01_02_03_addsub -section_id addsub was ignored
    Warning (20014): Assignment for entity set_instance_assignment -name LL_MEMBER_OF addsub -to a[0] -entity list_07_01_02_03_addsub -section_id addsub was ignored
    Warning (20014): Assignment for entity set_instance_assignment -name LL_MEMBER_OF addsub -to a[1] -entity list_07_01_02_03_addsub -section_id addsub was ignored
    Warning (20014): Assignment for entity set_instance_assignment -name LL_MEMBER_OF addsub -to a[2] -entity list_07_01_02_03_addsub -section_id addsub was ignored
    Warning (20014): Assignment for entity set_instance_assignment -name LL_MEMBER_OF addsub -to a[3] -entity list_07_01_02_03_addsub -section_id addsub was ignored
    Warning (20014): Assignment for entity set_instance_assignment -name LL_MEMBER_OF addsub -to a[4] -entity list_07_01_02_03_addsub -section_id addsub was ignored
    Warning (20014): Assignment for entity set_instance_assignment -name LL_MEMBER_OF addsub -to a[5] -entity list_07_01_02_03_addsub -section_id addsub was ignored
    Warning (20014): Assignment for entity set_instance_assignment -name LL_MEMBER_OF addsub -to a[6] -entity list_07_01_02_03_addsub -section_id addsub was ignored
    Warning (20014): Assignment for entity set_instance_assignment -name LL_MEMBER_OF addsub -to a[7] -entity list_07_01_02_03_addsub -section_id addsub was ignored
    Warning (20014): Assignment for entity set_instance_assignment -name LL_MEMBER_OF addsub -to b -entity list_07_01_02_03_addsub -section_id addsub was ignored
    Warning (20014): Assignment for entity set_instance_assignment -name LL_MEMBER_OF addsub -to b[0] -entity list_07_01_02_03_addsub -section_id addsub was ignored
    Warning (20014): Assignment for entity set_instance_assignment -name LL_MEMBER_OF addsub -to b[1] -entity list_07_01_02_03_addsub -section_id addsub was ignored
    Warning (20014): Assignment for entity set_instance_assignment -name LL_MEMBER_OF addsub -to b[2] -entity list_07_01_02_03_addsub -section_id addsub was ignored
    Warning (20014): Assignment for entity set_instance_assignment -name LL_MEMBER_OF addsub -to b[3] -entity list_07_01_02_03_addsub -section_id addsub was ignored
    Warning (20014): Assignment for entity set_instance_assignment -name LL_MEMBER_OF addsub -to b[4] -entity list_07_01_02_03_addsub -section_id addsub was ignored
    Warning (20014): Assignment for entity set_instance_assignment -name LL_MEMBER_OF addsub -to b[5] -entity list_07_01_02_03_addsub -section_id addsub was ignored
    Warning (20014): Assignment for entity set_instance_assignment -name LL_MEMBER_OF addsub -to b[6] -entity list_07_01_02_03_addsub -section_id addsub was ignored
    Warning (20014): Assignment for entity set_instance_assignment -name LL_MEMBER_OF addsub -to b[7] -entity list_07_01_02_03_addsub -section_id addsub was ignored
    Warning (20014): Assignment for entity set_instance_assignment -name LL_MEMBER_OF addsub -to b_tmp -entity list_07_01_02_03_addsub -section_id addsub was ignored
    Warning (20014): Assignment for entity set_instance_assignment -name LL_MEMBER_OF addsub -to b_tmp[0] -entity list_07_01_02_03_addsub -section_id addsub was ignored
    Warning (20014): Assignment for entity set_instance_assignment -name LL_MEMBER_OF addsub -to b_tmp[1] -entity list_07_01_02_03_addsub -section_id addsub was ignored
    Warning (20014): Assignment for entity set_instance_assignment -name LL_MEMBER_OF addsub -to b_tmp[2] -entity list_07_01_02_03_addsub -section_id addsub was ignored
    Warning (20014): Assignment for entity set_instance_assignment -name LL_MEMBER_OF addsub -to b_tmp[3] -entity list_07_01_02_03_addsub -section_id addsub was ignored
    Warning (20014): Assignment for entity set_instance_assignment -name LL_MEMBER_OF addsub -to b_tmp[4] -entity list_07_01_02_03_addsub -section_id addsub was ignored
    Warning (20014): Assignment for entity set_instance_assignment -name LL_MEMBER_OF addsub -to b_tmp[5] -entity list_07_01_02_03_addsub -section_id addsub was ignored
    Warning (20014): Assignment for entity set_instance_assignment -name LL_MEMBER_OF addsub -to b_tmp[6] -entity list_07_01_02_03_addsub -section_id addsub was ignored
    Warning (20014): Assignment for entity set_instance_assignment -name LL_MEMBER_OF addsub -to b_tmp[7] -entity list_07_01_02_03_addsub -section_id addsub was ignored
    Warning (20014): Assignment for entity set_instance_assignment -name LL_MEMBER_OF addsub -to ctrl -entity list_07_01_02_03_addsub -section_id addsub was ignored
    Warning (20014): Assignment for entity set_instance_assignment -name LL_MEMBER_OF addsub -to r -entity list_07_01_02_03_addsub -section_id addsub was ignored
    Warning (20014): Assignment for entity set_instance_assignment -name LL_MEMBER_OF addsub -to r[0] -entity list_07_01_02_03_addsub -section_id addsub was ignored
    Warning (20014): Assignment for entity set_instance_assignment -name LL_MEMBER_OF addsub -to r[1] -entity list_07_01_02_03_addsub -section_id addsub was ignored
    Warning (20014): Assignment for entity set_instance_assignment -name LL_MEMBER_OF addsub -to r[2] -entity list_07_01_02_03_addsub -section_id addsub was ignored
    Warning (20014): Assignment for entity set_instance_assignment -name LL_MEMBER_OF addsub -to r[3] -entity list_07_01_02_03_addsub -section_id addsub was ignored
    Warning (20014): Assignment for entity set_instance_assignment -name LL_MEMBER_OF addsub -to r[4] -entity list_07_01_02_03_addsub -section_id addsub was ignored
    Warning (20014): Assignment for entity set_instance_assignment -name LL_MEMBER_OF addsub -to r[5] -entity list_07_01_02_03_addsub -section_id addsub was ignored
    Warning (20014): Assignment for entity set_instance_assignment -name LL_MEMBER_OF addsub -to r[6] -entity list_07_01_02_03_addsub -section_id addsub was ignored
    Warning (20014): Assignment for entity set_instance_assignment -name LL_MEMBER_OF addsub -to r[7] -entity list_07_01_02_03_addsub -section_id addsub was ignored
    Warning (20014): Assignment for entity set_instance_assignment -name LL_MEMBER_OF addsub -to src0 -entity list_07_01_02_03_addsub -section_id addsub was ignored
    Warning (20014): Assignment for entity set_instance_assignment -name LL_MEMBER_OF addsub -to src1 -entity list_07_01_02_03_addsub -section_id addsub was ignored
    Warning (20014): Assignment for entity set_instance_assignment -name LL_MEMBER_OF addsub -to sum -entity list_07_01_02_03_addsub -section_id addsub was ignored
    Warning (20014): Assignment for entity set_global_assignment -name LL_STATE FLOATING -entity list_07_01_02_03_addsub -section_id addsub was ignored
    Warning (20014): Assignment for entity set_global_assignment -name LL_WIDTH 1 -entity list_07_01_02_03_addsub -section_id addsub was ignored
    Warning (20014): Assignment for entity set_global_assignment -name LL_HEIGHT 1 -entity list_07_01_02_03_addsub -section_id addsub was ignored
    Warning (20014): Assignment for entity set_global_assignment -name LL_ORIGIN X1_Y1 -entity list_07_01_02_03_addsub -section_id addsub was ignored
    Warning (20014): Assignment for entity set_global_assignment -name LL_RESERVED OFF -entity list_07_01_02_03_addsub -section_id addsub was ignored
    Warning (20014): Assignment for entity set_global_assignment -name LL_AUTO_SIZE ON -entity list_07_01_02_03_addsub -section_id addsub was ignored
    Warning (20014): Assignment for entity set_global_assignment -name LL_ENABLED ON -entity list_07_01_02_03_addsub -section_id addsub was ignored
    Warning (20014): Assignment for entity set_global_assignment -name LL_SECURITY_ROUTING_INTERFACE OFF -entity list_07_01_02_03_addsub -section_id addsub was ignored
    Warning (20014): Assignment for entity set_global_assignment -name LL_IGNORE_IO_BANK_SECURITY_CONSTRAINT OFF -entity list_07_01_02_03_addsub -section_id addsub was ignored
    Warning (20014): Assignment for entity set_global_assignment -name LL_PR_REGION OFF -entity list_07_01_02_03_addsub -section_id addsub was ignored
Info (16010): Generating hard_block partition "hard_block:auto_generated_inst"
    Info (16011): Adding 0 node(s), including 0 DDIO, 0 PLL, 0 transceiver and 0 LCELL
Info (21057): Implemented 49 device resources after synthesis - the final resource count might be different
    Info (21058): Implemented 17 input pins
    Info (21059): Implemented 8 output pins
    Info (21061): Implemented 24 logic cells
Info: Quartus II 32-bit Analysis & Synthesis was successful. 0 errors, 52 warnings
    Info: Peak virtual memory: 422 megabytes
    Info: Processing ended: Mon Apr  1 14:28:50 2019
    Info: Elapsed time: 00:00:04
    Info: Total CPU time (on all processors): 00:00:02


