TimeQuest Timing Analyzer report for hamming_distance
Fri Mar 29 11:26:34 2019
Quartus II 32-bit Version 13.0.1 Build 232 06/12/2013 Service Pack 1 SJ Full Version


---------------------
; Table of Contents ;
---------------------
  1. Legal Notice
  2. TimeQuest Timing Analyzer Summary
  3. Parallel Compilation
  4. SDC File List
  5. Clocks
  6. Fmax Summary
  7. Setup Summary
  8. Hold Summary
  9. Recovery Summary
 10. Removal Summary
 11. Minimum Pulse Width Summary
 12. Setup: 'n/a'
 13. Propagation Delay
 14. Minimum Propagation Delay
 15. Clock Transfers
 16. Report TCCS
 17. Report RSKM
 18. Unconstrained Paths
 19. TimeQuest Timing Analyzer Messages



----------------
; Legal Notice ;
----------------
Copyright (C) 1991-2013 Altera Corporation
Your use of Altera Corporation's design tools, logic functions 
and other software and tools, and its AMPP partner logic 
functions, and any output files from any of the foregoing 
(including device programming or simulation files), and any 
associated documentation or information are expressly subject 
to the terms and conditions of the Altera Program License 
Subscription Agreement, Altera MegaCore Function License 
Agreement, or other applicable license agreement, including, 
without limitation, that your use is for the sole purpose of 
programming logic devices manufactured by Altera and sold by 
Altera or its authorized distributors.  Please refer to the 
applicable agreement for further details.



+-----------------------------------------------------------------------------------------+
; TimeQuest Timing Analyzer Summary                                                       ;
+--------------------+--------------------------------------------------------------------+
; Quartus II Version ; Version 13.0.1 Build 232 06/12/2013 Service Pack 1 SJ Full Version ;
; Revision Name      ; hamming_distance                                                   ;
; Device Family      ; Cyclone                                                            ;
; Device Name        ; EP1C3T100A8                                                        ;
; Timing Models      ; Final                                                              ;
; Delay Model        ; Slow Model                                                         ;
; Rise/Fall Delays   ; Unavailable                                                        ;
+--------------------+--------------------------------------------------------------------+


+------------------------------------------+
; Parallel Compilation                     ;
+----------------------------+-------------+
; Processors                 ; Number      ;
+----------------------------+-------------+
; Number detected on machine ; 40          ;
; Maximum allowed            ; 16          ;
;                            ;             ;
; Average used               ; 1.00        ;
; Maximum used               ; 1           ;
;                            ;             ;
; Usage by Processor         ; % Time Used ;
;     Processor 1            ; 100.0%      ;
;     Processors 2-40        ;   0.0%      ;
+----------------------------+-------------+


+---------------------------------------------------+
; SDC File List                                     ;
+---------------+--------+--------------------------+
; SDC File Path ; Status ; Read at                  ;
+---------------+--------+--------------------------+
; SDC1.sdc      ; OK     ; Fri Mar 29 11:26:33 2019 ;
+---------------+--------+--------------------------+


----------
; Clocks ;
----------
No clocks to report.


----------------
; Fmax Summary ;
----------------
No paths to report.


+-------------------------------+
; Setup Summary                 ;
+-------+-------+---------------+
; Clock ; Slack ; End Point TNS ;
+-------+-------+---------------+
; n/a   ; 0.060 ; 0.000         ;
+-------+-------+---------------+


----------------
; Hold Summary ;
----------------
No paths to report.


--------------------
; Recovery Summary ;
--------------------
No paths to report.


-------------------
; Removal Summary ;
-------------------
No paths to report.


-------------------------------
; Minimum Pulse Width Summary ;
-------------------------------
No paths to report.


+---------------------------------------------------------------------------------------------------+
; Setup: 'n/a'                                                                                      ;
+-------+-----------+---------+--------------+-------------+--------------+------------+------------+
; Slack ; From Node ; To Node ; Launch Clock ; Latch Clock ; Relationship ; Clock Skew ; Data Delay ;
+-------+-----------+---------+--------------+-------------+--------------+------------+------------+
; 0.060 ; a[9]      ; y[0]    ; n/a          ; n/a         ; 15.400       ; 0.000      ; 15.340     ;
; 0.123 ; b[7]      ; y[0]    ; n/a          ; n/a         ; 15.400       ; 0.000      ; 15.277     ;
; 0.174 ; b[7]      ; y[4]    ; n/a          ; n/a         ; 15.400       ; 0.000      ; 15.226     ;
; 0.188 ; b[2]      ; y[0]    ; n/a          ; n/a         ; 15.400       ; 0.000      ; 15.212     ;
; 0.260 ; a[9]      ; y[3]    ; n/a          ; n/a         ; 15.400       ; 0.000      ; 15.140     ;
; 0.271 ; a[9]      ; y[2]    ; n/a          ; n/a         ; 15.400       ; 0.000      ; 15.129     ;
; 0.271 ; b[21]     ; y[4]    ; n/a          ; n/a         ; 15.400       ; 0.000      ; 15.129     ;
; 0.323 ; b[7]      ; y[3]    ; n/a          ; n/a         ; 15.400       ; 0.000      ; 15.077     ;
; 0.334 ; b[7]      ; y[2]    ; n/a          ; n/a         ; 15.400       ; 0.000      ; 15.066     ;
; 0.344 ; a[3]      ; y[4]    ; n/a          ; n/a         ; 15.400       ; 0.000      ; 15.056     ;
; 0.360 ; a[2]      ; y[0]    ; n/a          ; n/a         ; 15.400       ; 0.000      ; 15.040     ;
; 0.362 ; b[3]      ; y[0]    ; n/a          ; n/a         ; 15.400       ; 0.000      ; 15.038     ;
; 0.364 ; a[9]      ; y[4]    ; n/a          ; n/a         ; 15.400       ; 0.000      ; 15.036     ;
; 0.371 ; b[21]     ; y[3]    ; n/a          ; n/a         ; 15.400       ; 0.000      ; 15.029     ;
; 0.377 ; b[21]     ; y[2]    ; n/a          ; n/a         ; 15.400       ; 0.000      ; 15.023     ;
; 0.393 ; b[2]      ; y[3]    ; n/a          ; n/a         ; 15.400       ; 0.000      ; 15.007     ;
; 0.400 ; a[3]      ; y[0]    ; n/a          ; n/a         ; 15.400       ; 0.000      ; 15.000     ;
; 0.404 ; b[2]      ; y[2]    ; n/a          ; n/a         ; 15.400       ; 0.000      ; 14.996     ;
; 0.433 ; b[24]     ; y[4]    ; n/a          ; n/a         ; 15.400       ; 0.000      ; 14.967     ;
; 0.433 ; a[5]      ; y[4]    ; n/a          ; n/a         ; 15.400       ; 0.000      ; 14.967     ;
; 0.466 ; b[22]     ; y[4]    ; n/a          ; n/a         ; 15.400       ; 0.000      ; 14.934     ;
; 0.490 ; a[24]     ; y[4]    ; n/a          ; n/a         ; 15.400       ; 0.000      ; 14.910     ;
; 0.497 ; b[2]      ; y[4]    ; n/a          ; n/a         ; 15.400       ; 0.000      ; 14.903     ;
; 0.501 ; a[21]     ; y[4]    ; n/a          ; n/a         ; 15.400       ; 0.000      ; 14.899     ;
; 0.524 ; a[5]      ; y[0]    ; n/a          ; n/a         ; 15.400       ; 0.000      ; 14.876     ;
; 0.533 ; b[24]     ; y[3]    ; n/a          ; n/a         ; 15.400       ; 0.000      ; 14.867     ;
; 0.539 ; b[24]     ; y[2]    ; n/a          ; n/a         ; 15.400       ; 0.000      ; 14.861     ;
; 0.547 ; a[15]     ; y[4]    ; n/a          ; n/a         ; 15.400       ; 0.000      ; 14.853     ;
; 0.565 ; a[2]      ; y[3]    ; n/a          ; n/a         ; 15.400       ; 0.000      ; 14.835     ;
; 0.566 ; b[22]     ; y[3]    ; n/a          ; n/a         ; 15.400       ; 0.000      ; 14.834     ;
; 0.567 ; b[3]      ; y[3]    ; n/a          ; n/a         ; 15.400       ; 0.000      ; 14.833     ;
; 0.572 ; b[22]     ; y[2]    ; n/a          ; n/a         ; 15.400       ; 0.000      ; 14.828     ;
; 0.576 ; a[2]      ; y[2]    ; n/a          ; n/a         ; 15.400       ; 0.000      ; 14.824     ;
; 0.578 ; b[3]      ; y[2]    ; n/a          ; n/a         ; 15.400       ; 0.000      ; 14.822     ;
; 0.590 ; a[24]     ; y[3]    ; n/a          ; n/a         ; 15.400       ; 0.000      ; 14.810     ;
; 0.596 ; a[15]     ; y[0]    ; n/a          ; n/a         ; 15.400       ; 0.000      ; 14.804     ;
; 0.596 ; a[24]     ; y[2]    ; n/a          ; n/a         ; 15.400       ; 0.000      ; 14.804     ;
; 0.598 ; a[9]      ; y[1]    ; n/a          ; n/a         ; 15.400       ; 0.000      ; 14.802     ;
; 0.600 ; b[21]     ; y[0]    ; n/a          ; n/a         ; 15.400       ; 0.000      ; 14.800     ;
; 0.601 ; a[21]     ; y[3]    ; n/a          ; n/a         ; 15.400       ; 0.000      ; 14.799     ;
; 0.604 ; a[3]      ; y[3]    ; n/a          ; n/a         ; 15.400       ; 0.000      ; 14.796     ;
; 0.607 ; a[21]     ; y[2]    ; n/a          ; n/a         ; 15.400       ; 0.000      ; 14.793     ;
; 0.609 ; a[22]     ; y[4]    ; n/a          ; n/a         ; 15.400       ; 0.000      ; 14.791     ;
; 0.616 ; a[3]      ; y[2]    ; n/a          ; n/a         ; 15.400       ; 0.000      ; 14.784     ;
; 0.618 ; a[2]      ; y[4]    ; n/a          ; n/a         ; 15.400       ; 0.000      ; 14.782     ;
; 0.647 ; a[15]     ; y[3]    ; n/a          ; n/a         ; 15.400       ; 0.000      ; 14.753     ;
; 0.649 ; a[15]     ; y[2]    ; n/a          ; n/a         ; 15.400       ; 0.000      ; 14.751     ;
; 0.654 ; a[13]     ; y[4]    ; n/a          ; n/a         ; 15.400       ; 0.000      ; 14.746     ;
; 0.661 ; b[7]      ; y[1]    ; n/a          ; n/a         ; 15.400       ; 0.000      ; 14.739     ;
; 0.671 ; b[3]      ; y[4]    ; n/a          ; n/a         ; 15.400       ; 0.000      ; 14.729     ;
; 0.680 ; b[14]     ; y[4]    ; n/a          ; n/a         ; 15.400       ; 0.000      ; 14.720     ;
; 0.693 ; a[5]      ; y[3]    ; n/a          ; n/a         ; 15.400       ; 0.000      ; 14.707     ;
; 0.698 ; a[13]     ; y[0]    ; n/a          ; n/a         ; 15.400       ; 0.000      ; 14.702     ;
; 0.701 ; b[21]     ; y[1]    ; n/a          ; n/a         ; 15.400       ; 0.000      ; 14.699     ;
; 0.709 ; a[22]     ; y[3]    ; n/a          ; n/a         ; 15.400       ; 0.000      ; 14.691     ;
; 0.715 ; a[22]     ; y[2]    ; n/a          ; n/a         ; 15.400       ; 0.000      ; 14.685     ;
; 0.726 ; b[2]      ; y[1]    ; n/a          ; n/a         ; 15.400       ; 0.000      ; 14.674     ;
; 0.729 ; b[14]     ; y[0]    ; n/a          ; n/a         ; 15.400       ; 0.000      ; 14.671     ;
; 0.740 ; a[5]      ; y[2]    ; n/a          ; n/a         ; 15.400       ; 0.000      ; 14.660     ;
; 0.751 ; a[13]     ; y[2]    ; n/a          ; n/a         ; 15.400       ; 0.000      ; 14.649     ;
; 0.754 ; a[14]     ; y[4]    ; n/a          ; n/a         ; 15.400       ; 0.000      ; 14.646     ;
; 0.754 ; a[13]     ; y[3]    ; n/a          ; n/a         ; 15.400       ; 0.000      ; 14.646     ;
; 0.755 ; a[23]     ; y[4]    ; n/a          ; n/a         ; 15.400       ; 0.000      ; 14.645     ;
; 0.762 ; b[24]     ; y[0]    ; n/a          ; n/a         ; 15.400       ; 0.000      ; 14.638     ;
; 0.775 ; a[6]      ; y[0]    ; n/a          ; n/a         ; 15.400       ; 0.000      ; 14.625     ;
; 0.780 ; b[14]     ; y[3]    ; n/a          ; n/a         ; 15.400       ; 0.000      ; 14.620     ;
; 0.782 ; b[14]     ; y[2]    ; n/a          ; n/a         ; 15.400       ; 0.000      ; 14.618     ;
; 0.795 ; b[22]     ; y[0]    ; n/a          ; n/a         ; 15.400       ; 0.000      ; 14.605     ;
; 0.801 ; b[23]     ; y[4]    ; n/a          ; n/a         ; 15.400       ; 0.000      ; 14.599     ;
; 0.803 ; a[14]     ; y[0]    ; n/a          ; n/a         ; 15.400       ; 0.000      ; 14.597     ;
; 0.808 ; b[15]     ; y[4]    ; n/a          ; n/a         ; 15.400       ; 0.000      ; 14.592     ;
; 0.826 ; a[6]      ; y[4]    ; n/a          ; n/a         ; 15.400       ; 0.000      ; 14.574     ;
; 0.830 ; a[21]     ; y[0]    ; n/a          ; n/a         ; 15.400       ; 0.000      ; 14.570     ;
; 0.854 ; a[14]     ; y[3]    ; n/a          ; n/a         ; 15.400       ; 0.000      ; 14.546     ;
; 0.855 ; a[23]     ; y[3]    ; n/a          ; n/a         ; 15.400       ; 0.000      ; 14.545     ;
; 0.856 ; a[14]     ; y[2]    ; n/a          ; n/a         ; 15.400       ; 0.000      ; 14.544     ;
; 0.857 ; b[15]     ; y[0]    ; n/a          ; n/a         ; 15.400       ; 0.000      ; 14.543     ;
; 0.861 ; a[23]     ; y[2]    ; n/a          ; n/a         ; 15.400       ; 0.000      ; 14.539     ;
; 0.863 ; b[24]     ; y[1]    ; n/a          ; n/a         ; 15.400       ; 0.000      ; 14.537     ;
; 0.896 ; b[22]     ; y[1]    ; n/a          ; n/a         ; 15.400       ; 0.000      ; 14.504     ;
; 0.898 ; a[2]      ; y[1]    ; n/a          ; n/a         ; 15.400       ; 0.000      ; 14.502     ;
; 0.900 ; b[3]      ; y[1]    ; n/a          ; n/a         ; 15.400       ; 0.000      ; 14.500     ;
; 0.901 ; b[23]     ; y[3]    ; n/a          ; n/a         ; 15.400       ; 0.000      ; 14.499     ;
; 0.907 ; b[23]     ; y[2]    ; n/a          ; n/a         ; 15.400       ; 0.000      ; 14.493     ;
; 0.908 ; b[15]     ; y[3]    ; n/a          ; n/a         ; 15.400       ; 0.000      ; 14.492     ;
; 0.910 ; b[15]     ; y[2]    ; n/a          ; n/a         ; 15.400       ; 0.000      ; 14.490     ;
; 0.920 ; a[24]     ; y[1]    ; n/a          ; n/a         ; 15.400       ; 0.000      ; 14.480     ;
; 0.931 ; a[21]     ; y[1]    ; n/a          ; n/a         ; 15.400       ; 0.000      ; 14.469     ;
; 0.938 ; a[3]      ; y[1]    ; n/a          ; n/a         ; 15.400       ; 0.000      ; 14.462     ;
; 0.938 ; a[22]     ; y[0]    ; n/a          ; n/a         ; 15.400       ; 0.000      ; 14.462     ;
; 0.939 ; a[24]     ; y[0]    ; n/a          ; n/a         ; 15.400       ; 0.000      ; 14.461     ;
; 0.949 ; b[4]      ; y[4]    ; n/a          ; n/a         ; 15.400       ; 0.000      ; 14.451     ;
; 0.964 ; a[15]     ; y[1]    ; n/a          ; n/a         ; 15.400       ; 0.000      ; 14.436     ;
; 0.975 ; a[6]      ; y[3]    ; n/a          ; n/a         ; 15.400       ; 0.000      ; 14.425     ;
; 0.977 ; b[12]     ; y[4]    ; n/a          ; n/a         ; 15.400       ; 0.000      ; 14.423     ;
; 0.986 ; a[6]      ; y[2]    ; n/a          ; n/a         ; 15.400       ; 0.000      ; 14.414     ;
; 0.992 ; b[16]     ; y[4]    ; n/a          ; n/a         ; 15.400       ; 0.000      ; 14.408     ;
; 1.004 ; a[4]      ; y[4]    ; n/a          ; n/a         ; 15.400       ; 0.000      ; 14.396     ;
; 1.010 ; a[12]     ; y[4]    ; n/a          ; n/a         ; 15.400       ; 0.000      ; 14.390     ;
; 1.015 ; b[4]      ; y[0]    ; n/a          ; n/a         ; 15.400       ; 0.000      ; 14.385     ;
+-------+-----------+---------+--------------+-------------+--------------+------------+------------+


+------------------------------------------------------+
; Propagation Delay                                    ;
+------------+-------------+--------+----+----+--------+
; Input Port ; Output Port ; RR     ; RF ; FR ; FF     ;
+------------+-------------+--------+----+----+--------+
; a[0]       ; y[0]        ; 13.245 ;    ;    ; 13.245 ;
; a[0]       ; y[1]        ; 12.707 ;    ;    ; 12.707 ;
; a[0]       ; y[2]        ; 12.846 ;    ;    ; 12.846 ;
; a[0]       ; y[3]        ; 12.355 ;    ;    ; 12.355 ;
; a[0]       ; y[4]        ; 12.251 ;    ;    ; 12.251 ;
; a[1]       ; y[0]        ; 14.133 ;    ;    ; 14.133 ;
; a[1]       ; y[1]        ; 13.595 ;    ;    ; 13.595 ;
; a[1]       ; y[2]        ; 13.734 ;    ;    ; 13.734 ;
; a[1]       ; y[3]        ; 13.467 ;    ;    ; 13.467 ;
; a[1]       ; y[4]        ; 13.363 ;    ;    ; 13.363 ;
; a[2]       ; y[0]        ; 15.040 ;    ;    ; 15.040 ;
; a[2]       ; y[1]        ; 14.502 ;    ;    ; 14.502 ;
; a[2]       ; y[2]        ; 14.824 ;    ;    ; 14.824 ;
; a[2]       ; y[3]        ; 14.835 ;    ;    ; 14.835 ;
; a[2]       ; y[4]        ; 14.782 ;    ;    ; 14.782 ;
; a[3]       ; y[0]        ; 15.000 ;    ;    ; 15.000 ;
; a[3]       ; y[1]        ; 14.462 ;    ;    ; 14.462 ;
; a[3]       ; y[2]        ; 14.784 ;    ;    ; 14.784 ;
; a[3]       ; y[3]        ; 14.796 ;    ;    ; 14.796 ;
; a[3]       ; y[4]        ; 15.056 ;    ;    ; 15.056 ;
; a[4]       ; y[0]        ; 14.247 ;    ;    ; 14.247 ;
; a[4]       ; y[1]        ; 13.709 ;    ;    ; 13.709 ;
; a[4]       ; y[2]        ; 14.031 ;    ;    ; 14.031 ;
; a[4]       ; y[3]        ; 14.136 ;    ;    ; 14.136 ;
; a[4]       ; y[4]        ; 14.396 ;    ;    ; 14.396 ;
; a[5]       ; y[0]        ; 14.876 ;    ;    ; 14.876 ;
; a[5]       ; y[1]        ; 14.338 ;    ;    ; 14.338 ;
; a[5]       ; y[2]        ; 14.660 ;    ;    ; 14.660 ;
; a[5]       ; y[3]        ; 14.707 ;    ;    ; 14.707 ;
; a[5]       ; y[4]        ; 14.967 ;    ;    ; 14.967 ;
; a[6]       ; y[0]        ; 14.625 ;    ;    ; 14.625 ;
; a[6]       ; y[1]        ; 14.087 ;    ;    ; 14.087 ;
; a[6]       ; y[2]        ; 14.414 ;    ;    ; 14.414 ;
; a[6]       ; y[3]        ; 14.425 ;    ;    ; 14.425 ;
; a[6]       ; y[4]        ; 14.574 ;    ;    ; 14.574 ;
; a[7]       ; y[0]        ; 14.367 ;    ;    ; 14.367 ;
; a[7]       ; y[1]        ; 13.829 ;    ;    ; 13.829 ;
; a[7]       ; y[2]        ; 14.156 ;    ;    ; 14.156 ;
; a[7]       ; y[3]        ; 14.167 ;    ;    ; 14.167 ;
; a[7]       ; y[4]        ; 14.316 ;    ;    ; 14.316 ;
; a[8]       ; y[0]        ; 13.751 ;    ;    ; 13.751 ;
; a[8]       ; y[1]        ; 13.561 ;    ;    ; 13.561 ;
; a[8]       ; y[2]        ; 13.895 ;    ;    ; 13.895 ;
; a[8]       ; y[3]        ; 14.055 ;    ;    ; 14.055 ;
; a[8]       ; y[4]        ; 14.315 ;    ;    ; 14.315 ;
; a[9]       ; y[0]        ; 15.340 ;    ;    ; 15.340 ;
; a[9]       ; y[1]        ; 14.802 ;    ;    ; 14.802 ;
; a[9]       ; y[2]        ; 15.129 ;    ;    ; 15.129 ;
; a[9]       ; y[3]        ; 15.140 ;    ;    ; 15.140 ;
; a[9]       ; y[4]        ; 15.036 ;    ;    ; 15.036 ;
; a[10]      ; y[0]        ; 13.076 ;    ;    ; 13.076 ;
; a[10]      ; y[1]        ; 12.713 ;    ;    ; 12.713 ;
; a[10]      ; y[2]        ; 13.028 ;    ;    ; 13.028 ;
; a[10]      ; y[3]        ; 12.556 ;    ;    ; 12.556 ;
; a[10]      ; y[4]        ; 12.303 ;    ;    ; 12.303 ;
; a[11]      ; y[0]        ; 12.823 ;    ;    ; 12.823 ;
; a[11]      ; y[1]        ; 12.460 ;    ;    ; 12.460 ;
; a[11]      ; y[2]        ; 12.775 ;    ;    ; 12.775 ;
; a[11]      ; y[3]        ; 12.268 ;    ;    ; 12.268 ;
; a[11]      ; y[4]        ; 12.015 ;    ;    ; 12.015 ;
; a[12]      ; y[0]        ; 14.346 ;    ;    ; 14.346 ;
; a[12]      ; y[1]        ; 13.978 ;    ;    ; 13.978 ;
; a[12]      ; y[2]        ; 14.293 ;    ;    ; 14.293 ;
; a[12]      ; y[3]        ; 14.290 ;    ;    ; 14.290 ;
; a[12]      ; y[4]        ; 14.390 ;    ;    ; 14.390 ;
; a[13]      ; y[0]        ; 14.702 ;    ;    ; 14.702 ;
; a[13]      ; y[1]        ; 14.334 ;    ;    ; 14.334 ;
; a[13]      ; y[2]        ; 14.649 ;    ;    ; 14.649 ;
; a[13]      ; y[3]        ; 14.646 ;    ;    ; 14.646 ;
; a[13]      ; y[4]        ; 14.746 ;    ;    ; 14.746 ;
; a[14]      ; y[0]        ; 14.597 ;    ;    ; 14.597 ;
; a[14]      ; y[1]        ; 14.229 ;    ;    ; 14.229 ;
; a[14]      ; y[2]        ; 14.544 ;    ;    ; 14.544 ;
; a[14]      ; y[3]        ; 14.546 ;    ;    ; 14.546 ;
; a[14]      ; y[4]        ; 14.646 ;    ;    ; 14.646 ;
; a[15]      ; y[0]        ; 14.804 ;    ;    ; 14.804 ;
; a[15]      ; y[1]        ; 14.436 ;    ;    ; 14.436 ;
; a[15]      ; y[2]        ; 14.751 ;    ;    ; 14.751 ;
; a[15]      ; y[3]        ; 14.753 ;    ;    ; 14.753 ;
; a[15]      ; y[4]        ; 14.853 ;    ;    ; 14.853 ;
; a[16]      ; y[0]        ; 14.079 ;    ;    ; 14.079 ;
; a[16]      ; y[1]        ; 13.711 ;    ;    ; 13.711 ;
; a[16]      ; y[2]        ; 14.219 ;    ;    ; 14.219 ;
; a[16]      ; y[3]        ; 14.225 ;    ;    ; 14.225 ;
; a[16]      ; y[4]        ; 14.325 ;    ;    ; 14.325 ;
; a[17]      ; y[0]        ; 14.159 ;    ;    ; 14.159 ;
; a[17]      ; y[1]        ; 13.791 ;    ;    ; 13.791 ;
; a[17]      ; y[2]        ; 14.182 ;    ;    ; 14.182 ;
; a[17]      ; y[3]        ; 14.188 ;    ;    ; 14.188 ;
; a[17]      ; y[4]        ; 14.288 ;    ;    ; 14.288 ;
; a[18]      ; y[0]        ; 13.986 ;    ;    ; 13.986 ;
; a[18]      ; y[1]        ; 13.880 ;    ;    ; 13.880 ;
; a[18]      ; y[2]        ; 14.204 ;    ;    ; 14.204 ;
; a[18]      ; y[3]        ; 14.210 ;    ;    ; 14.210 ;
; a[18]      ; y[4]        ; 14.310 ;    ;    ; 14.310 ;
; a[19]      ; y[0]        ; 13.497 ;    ;    ; 13.497 ;
; a[19]      ; y[1]        ; 13.391 ;    ;    ; 13.391 ;
; a[19]      ; y[2]        ; 13.715 ;    ;    ; 13.715 ;
; a[19]      ; y[3]        ; 13.721 ;    ;    ; 13.721 ;
; a[19]      ; y[4]        ; 13.821 ;    ;    ; 13.821 ;
; a[20]      ; y[0]        ; 13.780 ;    ;    ; 13.780 ;
; a[20]      ; y[1]        ; 13.770 ;    ;    ; 13.770 ;
; a[20]      ; y[2]        ; 14.094 ;    ;    ; 14.094 ;
; a[20]      ; y[3]        ; 14.100 ;    ;    ; 14.100 ;
; a[20]      ; y[4]        ; 14.200 ;    ;    ; 14.200 ;
; a[21]      ; y[0]        ; 14.570 ;    ;    ; 14.570 ;
; a[21]      ; y[1]        ; 14.469 ;    ;    ; 14.469 ;
; a[21]      ; y[2]        ; 14.793 ;    ;    ; 14.793 ;
; a[21]      ; y[3]        ; 14.799 ;    ;    ; 14.799 ;
; a[21]      ; y[4]        ; 14.899 ;    ;    ; 14.899 ;
; a[22]      ; y[0]        ; 14.462 ;    ;    ; 14.462 ;
; a[22]      ; y[1]        ; 14.361 ;    ;    ; 14.361 ;
; a[22]      ; y[2]        ; 14.685 ;    ;    ; 14.685 ;
; a[22]      ; y[3]        ; 14.691 ;    ;    ; 14.691 ;
; a[22]      ; y[4]        ; 14.791 ;    ;    ; 14.791 ;
; a[23]      ; y[0]        ; 14.316 ;    ;    ; 14.316 ;
; a[23]      ; y[1]        ; 14.215 ;    ;    ; 14.215 ;
; a[23]      ; y[2]        ; 14.539 ;    ;    ; 14.539 ;
; a[23]      ; y[3]        ; 14.545 ;    ;    ; 14.545 ;
; a[23]      ; y[4]        ; 14.645 ;    ;    ; 14.645 ;
; a[24]      ; y[0]        ; 14.461 ;    ;    ; 14.461 ;
; a[24]      ; y[1]        ; 14.480 ;    ;    ; 14.480 ;
; a[24]      ; y[2]        ; 14.804 ;    ;    ; 14.804 ;
; a[24]      ; y[3]        ; 14.810 ;    ;    ; 14.810 ;
; a[24]      ; y[4]        ; 14.910 ;    ;    ; 14.910 ;
; b[0]       ; y[0]        ; 14.244 ;    ;    ; 14.244 ;
; b[0]       ; y[1]        ; 13.706 ;    ;    ; 13.706 ;
; b[0]       ; y[2]        ; 13.845 ;    ;    ; 13.845 ;
; b[0]       ; y[3]        ; 13.354 ;    ;    ; 13.354 ;
; b[0]       ; y[4]        ; 13.250 ;    ;    ; 13.250 ;
; b[1]       ; y[0]        ; 14.284 ;    ;    ; 14.284 ;
; b[1]       ; y[1]        ; 13.746 ;    ;    ; 13.746 ;
; b[1]       ; y[2]        ; 13.885 ;    ;    ; 13.885 ;
; b[1]       ; y[3]        ; 13.394 ;    ;    ; 13.394 ;
; b[1]       ; y[4]        ; 13.290 ;    ;    ; 13.290 ;
; b[2]       ; y[0]        ; 15.212 ;    ;    ; 15.212 ;
; b[2]       ; y[1]        ; 14.674 ;    ;    ; 14.674 ;
; b[2]       ; y[2]        ; 14.996 ;    ;    ; 14.996 ;
; b[2]       ; y[3]        ; 15.007 ;    ;    ; 15.007 ;
; b[2]       ; y[4]        ; 14.903 ;    ;    ; 14.903 ;
; b[3]       ; y[0]        ; 15.038 ;    ;    ; 15.038 ;
; b[3]       ; y[1]        ; 14.500 ;    ;    ; 14.500 ;
; b[3]       ; y[2]        ; 14.822 ;    ;    ; 14.822 ;
; b[3]       ; y[3]        ; 14.833 ;    ;    ; 14.833 ;
; b[3]       ; y[4]        ; 14.729 ;    ;    ; 14.729 ;
; b[4]       ; y[0]        ; 14.385 ;    ;    ; 14.385 ;
; b[4]       ; y[1]        ; 13.847 ;    ;    ; 13.847 ;
; b[4]       ; y[2]        ; 14.169 ;    ;    ; 14.169 ;
; b[4]       ; y[3]        ; 14.191 ;    ;    ; 14.191 ;
; b[4]       ; y[4]        ; 14.451 ;    ;    ; 14.451 ;
; b[5]       ; y[0]        ; 14.033 ;    ;    ; 14.033 ;
; b[5]       ; y[1]        ; 13.495 ;    ;    ; 13.495 ;
; b[5]       ; y[2]        ; 13.817 ;    ;    ; 13.817 ;
; b[5]       ; y[3]        ; 13.864 ;    ;    ; 13.864 ;
; b[5]       ; y[4]        ; 14.124 ;    ;    ; 14.124 ;
; b[6]       ; y[0]        ; 14.089 ;    ;    ; 14.089 ;
; b[6]       ; y[1]        ; 13.551 ;    ;    ; 13.551 ;
; b[6]       ; y[2]        ; 13.878 ;    ;    ; 13.878 ;
; b[6]       ; y[3]        ; 13.889 ;    ;    ; 13.889 ;
; b[6]       ; y[4]        ; 14.038 ;    ;    ; 14.038 ;
; b[7]       ; y[0]        ; 15.277 ;    ;    ; 15.277 ;
; b[7]       ; y[1]        ; 14.739 ;    ;    ; 14.739 ;
; b[7]       ; y[2]        ; 15.066 ;    ;    ; 15.066 ;
; b[7]       ; y[3]        ; 15.077 ;    ;    ; 15.077 ;
; b[7]       ; y[4]        ; 15.226 ;    ;    ; 15.226 ;
; b[8]       ; y[0]        ; 12.683 ;    ;    ; 12.683 ;
; b[8]       ; y[1]        ; 12.589 ;    ;    ; 12.589 ;
; b[8]       ; y[2]        ; 12.923 ;    ;    ; 12.923 ;
; b[8]       ; y[3]        ; 13.083 ;    ;    ; 13.083 ;
; b[8]       ; y[4]        ; 13.343 ;    ;    ; 13.343 ;
; b[9]       ; y[0]        ; 13.050 ;    ;    ; 13.050 ;
; b[9]       ; y[1]        ; 12.512 ;    ;    ; 12.512 ;
; b[9]       ; y[2]        ; 12.839 ;    ;    ; 12.839 ;
; b[9]       ; y[3]        ; 12.850 ;    ;    ; 12.850 ;
; b[9]       ; y[4]        ; 12.746 ;    ;    ; 12.746 ;
; b[10]      ; y[0]        ; 13.261 ;    ;    ; 13.261 ;
; b[10]      ; y[1]        ; 12.898 ;    ;    ; 12.898 ;
; b[10]      ; y[2]        ; 13.213 ;    ;    ; 13.213 ;
; b[10]      ; y[3]        ; 12.706 ;    ;    ; 12.706 ;
; b[10]      ; y[4]        ; 12.453 ;    ;    ; 12.453 ;
; b[11]      ; y[0]        ; 13.095 ;    ;    ; 13.095 ;
; b[11]      ; y[1]        ; 12.732 ;    ;    ; 12.732 ;
; b[11]      ; y[2]        ; 13.047 ;    ;    ; 13.047 ;
; b[11]      ; y[3]        ; 12.540 ;    ;    ; 12.540 ;
; b[11]      ; y[4]        ; 12.287 ;    ;    ; 12.287 ;
; b[12]      ; y[0]        ; 14.379 ;    ;    ; 14.379 ;
; b[12]      ; y[1]        ; 14.011 ;    ;    ; 14.011 ;
; b[12]      ; y[2]        ; 14.326 ;    ;    ; 14.326 ;
; b[12]      ; y[3]        ; 14.323 ;    ;    ; 14.323 ;
; b[12]      ; y[4]        ; 14.423 ;    ;    ; 14.423 ;
; b[13]      ; y[0]        ; 13.467 ;    ;    ; 13.467 ;
; b[13]      ; y[1]        ; 13.237 ;    ;    ; 13.237 ;
; b[13]      ; y[2]        ; 13.783 ;    ;    ; 13.783 ;
; b[13]      ; y[3]        ; 13.789 ;    ;    ; 13.789 ;
; b[13]      ; y[4]        ; 13.889 ;    ;    ; 13.889 ;
; b[14]      ; y[0]        ; 14.671 ;    ;    ; 14.671 ;
; b[14]      ; y[1]        ; 14.303 ;    ;    ; 14.303 ;
; b[14]      ; y[2]        ; 14.618 ;    ;    ; 14.618 ;
; b[14]      ; y[3]        ; 14.620 ;    ;    ; 14.620 ;
; b[14]      ; y[4]        ; 14.720 ;    ;    ; 14.720 ;
; b[15]      ; y[0]        ; 14.543 ;    ;    ; 14.543 ;
; b[15]      ; y[1]        ; 14.175 ;    ;    ; 14.175 ;
; b[15]      ; y[2]        ; 14.490 ;    ;    ; 14.490 ;
; b[15]      ; y[3]        ; 14.492 ;    ;    ; 14.492 ;
; b[15]      ; y[4]        ; 14.592 ;    ;    ; 14.592 ;
; b[16]      ; y[0]        ; 14.359 ;    ;    ; 14.359 ;
; b[16]      ; y[1]        ; 13.991 ;    ;    ; 13.991 ;
; b[16]      ; y[2]        ; 14.306 ;    ;    ; 14.306 ;
; b[16]      ; y[3]        ; 14.308 ;    ;    ; 14.308 ;
; b[16]      ; y[4]        ; 14.408 ;    ;    ; 14.408 ;
; b[17]      ; y[0]        ; 14.242 ;    ;    ; 14.242 ;
; b[17]      ; y[1]        ; 13.874 ;    ;    ; 13.874 ;
; b[17]      ; y[2]        ; 14.265 ;    ;    ; 14.265 ;
; b[17]      ; y[3]        ; 14.271 ;    ;    ; 14.271 ;
; b[17]      ; y[4]        ; 14.371 ;    ;    ; 14.371 ;
; b[18]      ; y[0]        ; 13.650 ;    ;    ; 13.650 ;
; b[18]      ; y[1]        ; 13.706 ;    ;    ; 13.706 ;
; b[18]      ; y[2]        ; 14.030 ;    ;    ; 14.030 ;
; b[18]      ; y[3]        ; 14.036 ;    ;    ; 14.036 ;
; b[18]      ; y[4]        ; 14.136 ;    ;    ; 14.136 ;
; b[19]      ; y[0]        ; 13.025 ;    ;    ; 13.025 ;
; b[19]      ; y[1]        ; 13.438 ;    ;    ; 13.438 ;
; b[19]      ; y[2]        ; 13.762 ;    ;    ; 13.762 ;
; b[19]      ; y[3]        ; 13.768 ;    ;    ; 13.768 ;
; b[19]      ; y[4]        ; 13.868 ;    ;    ; 13.868 ;
; b[20]      ; y[0]        ; 13.648 ;    ;    ; 13.648 ;
; b[20]      ; y[1]        ; 13.561 ;    ;    ; 13.561 ;
; b[20]      ; y[2]        ; 13.885 ;    ;    ; 13.885 ;
; b[20]      ; y[3]        ; 13.891 ;    ;    ; 13.891 ;
; b[20]      ; y[4]        ; 13.991 ;    ;    ; 13.991 ;
; b[21]      ; y[0]        ; 14.800 ;    ;    ; 14.800 ;
; b[21]      ; y[1]        ; 14.699 ;    ;    ; 14.699 ;
; b[21]      ; y[2]        ; 15.023 ;    ;    ; 15.023 ;
; b[21]      ; y[3]        ; 15.029 ;    ;    ; 15.029 ;
; b[21]      ; y[4]        ; 15.129 ;    ;    ; 15.129 ;
; b[22]      ; y[0]        ; 14.605 ;    ;    ; 14.605 ;
; b[22]      ; y[1]        ; 14.504 ;    ;    ; 14.504 ;
; b[22]      ; y[2]        ; 14.828 ;    ;    ; 14.828 ;
; b[22]      ; y[3]        ; 14.834 ;    ;    ; 14.834 ;
; b[22]      ; y[4]        ; 14.934 ;    ;    ; 14.934 ;
; b[23]      ; y[0]        ; 14.270 ;    ;    ; 14.270 ;
; b[23]      ; y[1]        ; 14.169 ;    ;    ; 14.169 ;
; b[23]      ; y[2]        ; 14.493 ;    ;    ; 14.493 ;
; b[23]      ; y[3]        ; 14.499 ;    ;    ; 14.499 ;
; b[23]      ; y[4]        ; 14.599 ;    ;    ; 14.599 ;
; b[24]      ; y[0]        ; 14.638 ;    ;    ; 14.638 ;
; b[24]      ; y[1]        ; 14.537 ;    ;    ; 14.537 ;
; b[24]      ; y[2]        ; 14.861 ;    ;    ; 14.861 ;
; b[24]      ; y[3]        ; 14.867 ;    ;    ; 14.867 ;
; b[24]      ; y[4]        ; 14.967 ;    ;    ; 14.967 ;
+------------+-------------+--------+----+----+--------+


+------------------------------------------------------+
; Minimum Propagation Delay                            ;
+------------+-------------+--------+----+----+--------+
; Input Port ; Output Port ; RR     ; RF ; FR ; FF     ;
+------------+-------------+--------+----+----+--------+
; a[0]       ; y[0]        ; 13.245 ;    ;    ; 13.245 ;
; a[0]       ; y[1]        ; 11.635 ;    ;    ; 11.635 ;
; a[0]       ; y[2]        ; 11.942 ;    ;    ; 11.942 ;
; a[0]       ; y[3]        ; 11.433 ;    ;    ; 11.433 ;
; a[0]       ; y[4]        ; 11.178 ;    ;    ; 11.178 ;
; a[1]       ; y[0]        ; 14.133 ;    ;    ; 14.133 ;
; a[1]       ; y[1]        ; 13.120 ;    ;    ; 13.120 ;
; a[1]       ; y[2]        ; 13.215 ;    ;    ; 13.215 ;
; a[1]       ; y[3]        ; 12.860 ;    ;    ; 12.860 ;
; a[1]       ; y[4]        ; 12.616 ;    ;    ; 12.616 ;
; a[2]       ; y[0]        ; 15.040 ;    ;    ; 15.040 ;
; a[2]       ; y[1]        ; 13.916 ;    ;    ; 13.916 ;
; a[2]       ; y[2]        ; 13.475 ;    ;    ; 13.475 ;
; a[2]       ; y[3]        ; 13.144 ;    ;    ; 13.144 ;
; a[2]       ; y[4]        ; 13.218 ;    ;    ; 13.218 ;
; a[3]       ; y[0]        ; 15.000 ;    ;    ; 15.000 ;
; a[3]       ; y[1]        ; 13.876 ;    ;    ; 13.876 ;
; a[3]       ; y[2]        ; 13.435 ;    ;    ; 13.435 ;
; a[3]       ; y[3]        ; 13.104 ;    ;    ; 13.104 ;
; a[3]       ; y[4]        ; 13.178 ;    ;    ; 13.178 ;
; a[4]       ; y[0]        ; 14.247 ;    ;    ; 14.247 ;
; a[4]       ; y[1]        ; 13.520 ;    ;    ; 13.520 ;
; a[4]       ; y[2]        ; 12.956 ;    ;    ; 12.956 ;
; a[4]       ; y[3]        ; 12.625 ;    ;    ; 12.625 ;
; a[4]       ; y[4]        ; 12.699 ;    ;    ; 12.699 ;
; a[5]       ; y[0]        ; 14.876 ;    ;    ; 14.876 ;
; a[5]       ; y[1]        ; 14.149 ;    ;    ; 14.149 ;
; a[5]       ; y[2]        ; 13.775 ;    ;    ; 13.775 ;
; a[5]       ; y[3]        ; 13.290 ;    ;    ; 13.290 ;
; a[5]       ; y[4]        ; 13.359 ;    ;    ; 13.359 ;
; a[6]       ; y[0]        ; 14.625 ;    ;    ; 14.625 ;
; a[6]       ; y[1]        ; 13.294 ;    ;    ; 13.294 ;
; a[6]       ; y[2]        ; 13.209 ;    ;    ; 13.209 ;
; a[6]       ; y[3]        ; 12.777 ;    ;    ; 12.777 ;
; a[6]       ; y[4]        ; 12.837 ;    ;    ; 12.837 ;
; a[7]       ; y[0]        ; 14.367 ;    ;    ; 14.367 ;
; a[7]       ; y[1]        ; 13.247 ;    ;    ; 13.247 ;
; a[7]       ; y[2]        ; 13.162 ;    ;    ; 13.162 ;
; a[7]       ; y[3]        ; 12.730 ;    ;    ; 12.730 ;
; a[7]       ; y[4]        ; 12.790 ;    ;    ; 12.790 ;
; a[8]       ; y[0]        ; 13.751 ;    ;    ; 13.751 ;
; a[8]       ; y[1]        ; 13.024 ;    ;    ; 13.024 ;
; a[8]       ; y[2]        ; 12.840 ;    ;    ; 12.840 ;
; a[8]       ; y[3]        ; 12.172 ;    ;    ; 12.172 ;
; a[8]       ; y[4]        ; 12.234 ;    ;    ; 12.234 ;
; a[9]       ; y[0]        ; 15.340 ;    ;    ; 15.340 ;
; a[9]       ; y[1]        ; 14.248 ;    ;    ; 14.248 ;
; a[9]       ; y[2]        ; 14.164 ;    ;    ; 14.164 ;
; a[9]       ; y[3]        ; 13.731 ;    ;    ; 13.731 ;
; a[9]       ; y[4]        ; 13.791 ;    ;    ; 13.791 ;
; a[10]      ; y[0]        ; 13.076 ;    ;    ; 13.076 ;
; a[10]      ; y[1]        ; 12.238 ;    ;    ; 12.238 ;
; a[10]      ; y[2]        ; 12.330 ;    ;    ; 12.330 ;
; a[10]      ; y[3]        ; 11.818 ;    ;    ; 11.818 ;
; a[10]      ; y[4]        ; 11.563 ;    ;    ; 11.563 ;
; a[11]      ; y[0]        ; 12.823 ;    ;    ; 12.823 ;
; a[11]      ; y[1]        ; 11.875 ;    ;    ; 11.875 ;
; a[11]      ; y[2]        ; 12.077 ;    ;    ; 12.077 ;
; a[11]      ; y[3]        ; 11.500 ;    ;    ; 11.500 ;
; a[11]      ; y[4]        ; 11.245 ;    ;    ; 11.245 ;
; a[12]      ; y[0]        ; 14.346 ;    ;    ; 14.346 ;
; a[12]      ; y[1]        ; 13.632 ;    ;    ; 13.632 ;
; a[12]      ; y[2]        ; 13.600 ;    ;    ; 13.600 ;
; a[12]      ; y[3]        ; 12.834 ;    ;    ; 12.834 ;
; a[12]      ; y[4]        ; 12.826 ;    ;    ; 12.826 ;
; a[13]      ; y[0]        ; 14.702 ;    ;    ; 14.702 ;
; a[13]      ; y[1]        ; 14.069 ;    ;    ; 14.069 ;
; a[13]      ; y[2]        ; 13.956 ;    ;    ; 13.956 ;
; a[13]      ; y[3]        ; 13.190 ;    ;    ; 13.190 ;
; a[13]      ; y[4]        ; 13.182 ;    ;    ; 13.182 ;
; a[14]      ; y[0]        ; 14.597 ;    ;    ; 14.597 ;
; a[14]      ; y[1]        ; 13.698 ;    ;    ; 13.698 ;
; a[14]      ; y[2]        ; 13.631 ;    ;    ; 13.631 ;
; a[14]      ; y[3]        ; 12.991 ;    ;    ; 12.991 ;
; a[14]      ; y[4]        ; 13.061 ;    ;    ; 13.061 ;
; a[15]      ; y[0]        ; 14.804 ;    ;    ; 14.804 ;
; a[15]      ; y[1]        ; 13.907 ;    ;    ; 13.907 ;
; a[15]      ; y[2]        ; 13.840 ;    ;    ; 13.840 ;
; a[15]      ; y[3]        ; 13.200 ;    ;    ; 13.200 ;
; a[15]      ; y[4]        ; 13.270 ;    ;    ; 13.270 ;
; a[16]      ; y[0]        ; 14.079 ;    ;    ; 14.079 ;
; a[16]      ; y[1]        ; 13.533 ;    ;    ; 13.533 ;
; a[16]      ; y[2]        ; 13.333 ;    ;    ; 13.333 ;
; a[16]      ; y[3]        ; 12.574 ;    ;    ; 12.574 ;
; a[16]      ; y[4]        ; 12.559 ;    ;    ; 12.559 ;
; a[17]      ; y[0]        ; 14.159 ;    ;    ; 14.159 ;
; a[17]      ; y[1]        ; 13.613 ;    ;    ; 13.613 ;
; a[17]      ; y[2]        ; 13.413 ;    ;    ; 13.413 ;
; a[17]      ; y[3]        ; 12.654 ;    ;    ; 12.654 ;
; a[17]      ; y[4]        ; 12.639 ;    ;    ; 12.639 ;
; a[18]      ; y[0]        ; 13.986 ;    ;    ; 13.986 ;
; a[18]      ; y[1]        ; 13.440 ;    ;    ; 13.440 ;
; a[18]      ; y[2]        ; 13.240 ;    ;    ; 13.240 ;
; a[18]      ; y[3]        ; 12.549 ;    ;    ; 12.549 ;
; a[18]      ; y[4]        ; 12.466 ;    ;    ; 12.466 ;
; a[19]      ; y[0]        ; 13.497 ;    ;    ; 13.497 ;
; a[19]      ; y[1]        ; 12.951 ;    ;    ; 12.951 ;
; a[19]      ; y[2]        ; 12.751 ;    ;    ; 12.751 ;
; a[19]      ; y[3]        ; 12.060 ;    ;    ; 12.060 ;
; a[19]      ; y[4]        ; 11.977 ;    ;    ; 11.977 ;
; a[20]      ; y[0]        ; 13.780 ;    ;    ; 13.780 ;
; a[20]      ; y[1]        ; 13.234 ;    ;    ; 13.234 ;
; a[20]      ; y[2]        ; 13.034 ;    ;    ; 13.034 ;
; a[20]      ; y[3]        ; 12.350 ;    ;    ; 12.350 ;
; a[20]      ; y[4]        ; 12.260 ;    ;    ; 12.260 ;
; a[21]      ; y[0]        ; 14.570 ;    ;    ; 14.570 ;
; a[21]      ; y[1]        ; 14.024 ;    ;    ; 14.024 ;
; a[21]      ; y[2]        ; 13.789 ;    ;    ; 13.789 ;
; a[21]      ; y[3]        ; 13.140 ;    ;    ; 13.140 ;
; a[21]      ; y[4]        ; 13.050 ;    ;    ; 13.050 ;
; a[22]      ; y[0]        ; 14.462 ;    ;    ; 14.462 ;
; a[22]      ; y[1]        ; 13.916 ;    ;    ; 13.916 ;
; a[22]      ; y[2]        ; 13.681 ;    ;    ; 13.681 ;
; a[22]      ; y[3]        ; 13.032 ;    ;    ; 13.032 ;
; a[22]      ; y[4]        ; 12.942 ;    ;    ; 12.942 ;
; a[23]      ; y[0]        ; 14.316 ;    ;    ; 14.316 ;
; a[23]      ; y[1]        ; 13.770 ;    ;    ; 13.770 ;
; a[23]      ; y[2]        ; 13.495 ;    ;    ; 13.495 ;
; a[23]      ; y[3]        ; 12.886 ;    ;    ; 12.886 ;
; a[23]      ; y[4]        ; 12.796 ;    ;    ; 12.796 ;
; a[24]      ; y[0]        ; 14.461 ;    ;    ; 14.461 ;
; a[24]      ; y[1]        ; 13.915 ;    ;    ; 13.915 ;
; a[24]      ; y[2]        ; 13.640 ;    ;    ; 13.640 ;
; a[24]      ; y[3]        ; 13.031 ;    ;    ; 13.031 ;
; a[24]      ; y[4]        ; 12.941 ;    ;    ; 12.941 ;
; b[0]       ; y[0]        ; 14.244 ;    ;    ; 14.244 ;
; b[0]       ; y[1]        ; 12.859 ;    ;    ; 12.859 ;
; b[0]       ; y[2]        ; 13.166 ;    ;    ; 13.166 ;
; b[0]       ; y[3]        ; 12.657 ;    ;    ; 12.657 ;
; b[0]       ; y[4]        ; 12.402 ;    ;    ; 12.402 ;
; b[1]       ; y[0]        ; 14.284 ;    ;    ; 14.284 ;
; b[1]       ; y[1]        ; 12.303 ;    ;    ; 12.303 ;
; b[1]       ; y[2]        ; 12.610 ;    ;    ; 12.610 ;
; b[1]       ; y[3]        ; 12.101 ;    ;    ; 12.101 ;
; b[1]       ; y[4]        ; 11.846 ;    ;    ; 11.846 ;
; b[2]       ; y[0]        ; 15.212 ;    ;    ; 15.212 ;
; b[2]       ; y[1]        ; 14.028 ;    ;    ; 14.028 ;
; b[2]       ; y[2]        ; 13.589 ;    ;    ; 13.589 ;
; b[2]       ; y[3]        ; 13.258 ;    ;    ; 13.258 ;
; b[2]       ; y[4]        ; 13.332 ;    ;    ; 13.332 ;
; b[3]       ; y[0]        ; 15.038 ;    ;    ; 15.038 ;
; b[3]       ; y[1]        ; 13.914 ;    ;    ; 13.914 ;
; b[3]       ; y[2]        ; 13.473 ;    ;    ; 13.473 ;
; b[3]       ; y[3]        ; 13.142 ;    ;    ; 13.142 ;
; b[3]       ; y[4]        ; 13.216 ;    ;    ; 13.216 ;
; b[4]       ; y[0]        ; 14.385 ;    ;    ; 14.385 ;
; b[4]       ; y[1]        ; 13.658 ;    ;    ; 13.658 ;
; b[4]       ; y[2]        ; 13.011 ;    ;    ; 13.011 ;
; b[4]       ; y[3]        ; 12.680 ;    ;    ; 12.680 ;
; b[4]       ; y[4]        ; 12.754 ;    ;    ; 12.754 ;
; b[5]       ; y[0]        ; 14.033 ;    ;    ; 14.033 ;
; b[5]       ; y[1]        ; 13.306 ;    ;    ; 13.306 ;
; b[5]       ; y[2]        ; 12.932 ;    ;    ; 12.932 ;
; b[5]       ; y[3]        ; 12.447 ;    ;    ; 12.447 ;
; b[5]       ; y[4]        ; 12.516 ;    ;    ; 12.516 ;
; b[6]       ; y[0]        ; 14.089 ;    ;    ; 14.089 ;
; b[6]       ; y[1]        ; 12.972 ;    ;    ; 12.972 ;
; b[6]       ; y[2]        ; 12.887 ;    ;    ; 12.887 ;
; b[6]       ; y[3]        ; 12.455 ;    ;    ; 12.455 ;
; b[6]       ; y[4]        ; 12.515 ;    ;    ; 12.515 ;
; b[7]       ; y[0]        ; 15.277 ;    ;    ; 15.277 ;
; b[7]       ; y[1]        ; 14.372 ;    ;    ; 14.372 ;
; b[7]       ; y[2]        ; 14.287 ;    ;    ; 14.287 ;
; b[7]       ; y[3]        ; 13.698 ;    ;    ; 13.698 ;
; b[7]       ; y[4]        ; 13.760 ;    ;    ; 13.760 ;
; b[8]       ; y[0]        ; 12.683 ;    ;    ; 12.683 ;
; b[8]       ; y[1]        ; 11.956 ;    ;    ; 11.956 ;
; b[8]       ; y[2]        ; 11.772 ;    ;    ; 11.772 ;
; b[8]       ; y[3]        ; 11.104 ;    ;    ; 11.104 ;
; b[8]       ; y[4]        ; 11.166 ;    ;    ; 11.166 ;
; b[9]       ; y[0]        ; 13.050 ;    ;    ; 13.050 ;
; b[9]       ; y[1]        ; 11.958 ;    ;    ; 11.958 ;
; b[9]       ; y[2]        ; 11.874 ;    ;    ; 11.874 ;
; b[9]       ; y[3]        ; 11.441 ;    ;    ; 11.441 ;
; b[9]       ; y[4]        ; 11.501 ;    ;    ; 11.501 ;
; b[10]      ; y[0]        ; 13.261 ;    ;    ; 13.261 ;
; b[10]      ; y[1]        ; 12.313 ;    ;    ; 12.313 ;
; b[10]      ; y[2]        ; 12.515 ;    ;    ; 12.515 ;
; b[10]      ; y[3]        ; 11.938 ;    ;    ; 11.938 ;
; b[10]      ; y[4]        ; 11.683 ;    ;    ; 11.683 ;
; b[11]      ; y[0]        ; 13.095 ;    ;    ; 13.095 ;
; b[11]      ; y[1]        ; 12.035 ;    ;    ; 12.035 ;
; b[11]      ; y[2]        ; 12.334 ;    ;    ; 12.334 ;
; b[11]      ; y[3]        ; 11.660 ;    ;    ; 11.660 ;
; b[11]      ; y[4]        ; 11.405 ;    ;    ; 11.405 ;
; b[12]      ; y[0]        ; 14.379 ;    ;    ; 14.379 ;
; b[12]      ; y[1]        ; 13.513 ;    ;    ; 13.513 ;
; b[12]      ; y[2]        ; 13.633 ;    ;    ; 13.633 ;
; b[12]      ; y[3]        ; 12.867 ;    ;    ; 12.867 ;
; b[12]      ; y[4]        ; 12.859 ;    ;    ; 12.859 ;
; b[13]      ; y[0]        ; 13.467 ;    ;    ; 13.467 ;
; b[13]      ; y[1]        ; 12.921 ;    ;    ; 12.921 ;
; b[13]      ; y[2]        ; 12.721 ;    ;    ; 12.721 ;
; b[13]      ; y[3]        ; 11.955 ;    ;    ; 11.955 ;
; b[13]      ; y[4]        ; 11.947 ;    ;    ; 11.947 ;
; b[14]      ; y[0]        ; 14.671 ;    ;    ; 14.671 ;
; b[14]      ; y[1]        ; 13.773 ;    ;    ; 13.773 ;
; b[14]      ; y[2]        ; 13.706 ;    ;    ; 13.706 ;
; b[14]      ; y[3]        ; 13.066 ;    ;    ; 13.066 ;
; b[14]      ; y[4]        ; 13.136 ;    ;    ; 13.136 ;
; b[15]      ; y[0]        ; 14.543 ;    ;    ; 14.543 ;
; b[15]      ; y[1]        ; 13.646 ;    ;    ; 13.646 ;
; b[15]      ; y[2]        ; 13.579 ;    ;    ; 13.579 ;
; b[15]      ; y[3]        ; 12.939 ;    ;    ; 12.939 ;
; b[15]      ; y[4]        ; 13.009 ;    ;    ; 13.009 ;
; b[16]      ; y[0]        ; 14.359 ;    ;    ; 14.359 ;
; b[16]      ; y[1]        ; 13.463 ;    ;    ; 13.463 ;
; b[16]      ; y[2]        ; 13.395 ;    ;    ; 13.395 ;
; b[16]      ; y[3]        ; 12.755 ;    ;    ; 12.755 ;
; b[16]      ; y[4]        ; 12.826 ;    ;    ; 12.826 ;
; b[17]      ; y[0]        ; 14.242 ;    ;    ; 14.242 ;
; b[17]      ; y[1]        ; 13.696 ;    ;    ; 13.696 ;
; b[17]      ; y[2]        ; 13.496 ;    ;    ; 13.496 ;
; b[17]      ; y[3]        ; 12.737 ;    ;    ; 12.737 ;
; b[17]      ; y[4]        ; 12.722 ;    ;    ; 12.722 ;
; b[18]      ; y[0]        ; 13.650 ;    ;    ; 13.650 ;
; b[18]      ; y[1]        ; 13.104 ;    ;    ; 13.104 ;
; b[18]      ; y[2]        ; 12.904 ;    ;    ; 12.904 ;
; b[18]      ; y[3]        ; 12.213 ;    ;    ; 12.213 ;
; b[18]      ; y[4]        ; 12.130 ;    ;    ; 12.130 ;
; b[19]      ; y[0]        ; 13.025 ;    ;    ; 13.025 ;
; b[19]      ; y[1]        ; 12.479 ;    ;    ; 12.479 ;
; b[19]      ; y[2]        ; 12.279 ;    ;    ; 12.279 ;
; b[19]      ; y[3]        ; 11.588 ;    ;    ; 11.588 ;
; b[19]      ; y[4]        ; 11.505 ;    ;    ; 11.505 ;
; b[20]      ; y[0]        ; 13.648 ;    ;    ; 13.648 ;
; b[20]      ; y[1]        ; 13.102 ;    ;    ; 13.102 ;
; b[20]      ; y[2]        ; 12.902 ;    ;    ; 12.902 ;
; b[20]      ; y[3]        ; 12.218 ;    ;    ; 12.218 ;
; b[20]      ; y[4]        ; 12.128 ;    ;    ; 12.128 ;
; b[21]      ; y[0]        ; 14.800 ;    ;    ; 14.800 ;
; b[21]      ; y[1]        ; 14.254 ;    ;    ; 14.254 ;
; b[21]      ; y[2]        ; 14.019 ;    ;    ; 14.019 ;
; b[21]      ; y[3]        ; 13.370 ;    ;    ; 13.370 ;
; b[21]      ; y[4]        ; 13.280 ;    ;    ; 13.280 ;
; b[22]      ; y[0]        ; 14.605 ;    ;    ; 14.605 ;
; b[22]      ; y[1]        ; 14.028 ;    ;    ; 14.028 ;
; b[22]      ; y[2]        ; 13.540 ;    ;    ; 13.540 ;
; b[22]      ; y[3]        ; 13.032 ;    ;    ; 13.032 ;
; b[22]      ; y[4]        ; 13.085 ;    ;    ; 13.085 ;
; b[23]      ; y[0]        ; 14.270 ;    ;    ; 14.270 ;
; b[23]      ; y[1]        ; 13.724 ;    ;    ; 13.724 ;
; b[23]      ; y[2]        ; 13.449 ;    ;    ; 13.449 ;
; b[23]      ; y[3]        ; 12.840 ;    ;    ; 12.840 ;
; b[23]      ; y[4]        ; 12.750 ;    ;    ; 12.750 ;
; b[24]      ; y[0]        ; 14.638 ;    ;    ; 14.638 ;
; b[24]      ; y[1]        ; 14.092 ;    ;    ; 14.092 ;
; b[24]      ; y[2]        ; 13.817 ;    ;    ; 13.817 ;
; b[24]      ; y[3]        ; 13.208 ;    ;    ; 13.208 ;
; b[24]      ; y[4]        ; 13.118 ;    ;    ; 13.118 ;
+------------+-------------+--------+----+----+--------+


-------------------
; Clock Transfers ;
-------------------
Nothing to report.


---------------
; Report TCCS ;
---------------
No dedicated SERDES Transmitter circuitry present in device or used in design


---------------
; Report RSKM ;
---------------
No dedicated SERDES Receiver circuitry present in device or used in design


+------------------------------------------------+
; Unconstrained Paths                            ;
+---------------------------------+-------+------+
; Property                        ; Setup ; Hold ;
+---------------------------------+-------+------+
; Illegal Clocks                  ; 0     ; 0    ;
; Unconstrained Clocks            ; 0     ; 0    ;
; Unconstrained Input Ports       ; 0     ; 50   ;
; Unconstrained Input Port Paths  ; 0     ; 250  ;
; Unconstrained Output Ports      ; 0     ; 5    ;
; Unconstrained Output Port Paths ; 0     ; 250  ;
+---------------------------------+-------+------+


+------------------------------------+
; TimeQuest Timing Analyzer Messages ;
+------------------------------------+
Info: *******************************************************************
Info: Running Quartus II 32-bit TimeQuest Timing Analyzer
    Info: Version 13.0.1 Build 232 06/12/2013 Service Pack 1 SJ Full Version
    Info: Processing started: Fri Mar 29 11:26:32 2019
Info: Command: quartus_sta hamming_distance -c hamming_distance
Info: qsta_default_script.tcl version: #1
Info (11104): Parallel Compilation has detected 40 hyper-threaded processors. However, the extra hyper-threaded processors will not be used by default. Parallel Compilation will use 16 of the 20 physical processors detected instead.
Info (332104): Reading SDC File: 'SDC1.sdc'
Info (332142): No user constrained base clocks found in the design. Calling "derive_clocks -period 1.0"
Info (332096): The command derive_clocks did not find any clocks to derive.  No clocks were created or changed.
Warning (332068): No clocks defined in design.
Info: Found TIMEQUEST_REPORT_SCRIPT_INCLUDE_DEFAULT_ANALYSIS = ON
Info (332159): No clocks to report
Info (332140): No fmax paths to report
Info (332146): Worst-case setup slack is 0.060
    Info (332119):     Slack End Point TNS Clock 
    Info (332119): ========= ============= =====================
    Info (332119):     0.060         0.000 n/a 
Info (332140): No Hold paths to report
Info (332140): No Recovery paths to report
Info (332140): No Removal paths to report
Info (332140): No Minimum Pulse Width paths to report
Info (332001): The selected device family is not supported by the report_metastability command.
Info (332101): Design is fully constrained for setup requirements
Info (332102): Design is not fully constrained for hold requirements
Info: Quartus II 32-bit TimeQuest Timing Analyzer was successful. 0 errors, 1 warning
    Info: Peak virtual memory: 309 megabytes
    Info: Processing ended: Fri Mar 29 11:26:34 2019
    Info: Elapsed time: 00:00:02
    Info: Total CPU time (on all processors): 00:00:01


