Flow report for P1
Wed Jul  3 14:42:20 2019
Quartus II 32-bit Version 13.0.1 Build 232 06/12/2013 Service Pack 1 SJ Full Version


---------------------
; Table of Contents ;
---------------------
  1. Legal Notice
  2. Flow Summary
  3. Flow Settings
  4. Flow Non-Default Global Settings
  5. Flow Elapsed Time
  6. Flow OS Summary
  7. Flow Log
  8. Flow Messages
  9. Flow Suppressed Messages



----------------
; Legal Notice ;
----------------
Copyright (C) 1991-2013 Altera Corporation
Your use of Altera Corporation's design tools, logic functions 
and other software and tools, and its AMPP partner logic 
functions, and any output files from any of the foregoing 
(including device programming or simulation files), and any 
associated documentation or information are expressly subject 
to the terms and conditions of the Altera Program License 
Subscription Agreement, Altera MegaCore Function License 
Agreement, or other applicable license agreement, including, 
without limitation, that your use is for the sole purpose of 
programming logic devices manufactured by Altera and sold by 
Altera or its authorized distributors.  Please refer to the 
applicable agreement for further details.



+------------------------------------------------------------------------------+
; Flow Summary                                                                 ;
+---------------------------+--------------------------------------------------+
; Flow Status               ; Successful - Wed Jul  3 14:42:20 2019            ;
; Quartus II 32-bit Version ; 13.0.1 Build 232 06/12/2013 SP 1 SJ Full Version ;
; Revision Name             ; P1                                               ;
; Top-level Entity Name     ; DUT                                              ;
; Family                    ; Cyclone                                          ;
; Device                    ; EP1C3T100A8                                      ;
; Timing Models             ; Final                                            ;
; Total logic elements      ; N/A until Partition Merge                        ;
; Total pins                ; N/A until Partition Merge                        ;
; Total virtual pins        ; N/A until Partition Merge                        ;
; Total memory bits         ; N/A until Partition Merge                        ;
; Total PLLs                ; N/A until Partition Merge                        ;
+---------------------------+--------------------------------------------------+


+-----------------------------------------+
; Flow Settings                           ;
+-------------------+---------------------+
; Option            ; Setting             ;
+-------------------+---------------------+
; Start date & time ; 07/03/2019 14:42:16 ;
; Main task         ; Compilation         ;
; Revision Name     ; P1                  ;
+-------------------+---------------------+


+---------------------------------------------------------------------------------------------------------------------+
; Flow Non-Default Global Settings                                                                                    ;
+-------------------------------------+--------------------------------+---------------+-------------+----------------+
; Assignment Name                     ; Value                          ; Default Value ; Entity Name ; Section Id     ;
+-------------------------------------+--------------------------------+---------------+-------------+----------------+
; COMPILER_SIGNATURE_ID               ; 11373243925449.156216493509570 ; --            ; --          ; --             ;
; EDA_OUTPUT_DATA_FORMAT              ; Vhdl                           ; --            ; --          ; eda_simulation ;
; EDA_SIMULATION_TOOL                 ; ModelSim-Altera (VHDL)         ; <None>        ; --          ; --             ;
; MAX_CORE_JUNCTION_TEMP              ; 125                            ; --            ; --          ; --             ;
; MIN_CORE_JUNCTION_TEMP              ; -40                            ; --            ; --          ; --             ;
; PARTITION_COLOR                     ; 16764057                       ; --            ; DUT         ; Top            ;
; PARTITION_FITTER_PRESERVATION_LEVEL ; PLACEMENT_AND_ROUTING          ; --            ; DUT         ; Top            ;
; PARTITION_NETLIST_TYPE              ; SOURCE                         ; --            ; DUT         ; Top            ;
; PROJECT_OUTPUT_DIRECTORY            ; output_files                   ; --            ; --          ; --             ;
; TOP_LEVEL_ENTITY                    ; DUT                            ; P1            ; --          ; --             ;
+-------------------------------------+--------------------------------+---------------+-------------+----------------+


+----------------------------------------------------------------------------------------------------------------------------+
; Flow Elapsed Time                                                                                                          ;
+------------------------+--------------+-------------------------+---------------------+------------------------------------+
; Module Name            ; Elapsed Time ; Average Processors Used ; Peak Virtual Memory ; Total CPU Time (on all processors) ;
+------------------------+--------------+-------------------------+---------------------+------------------------------------+
; Analysis & Elaboration ; 00:00:05     ; 1.0                     ; 353 MB              ; 00:00:01                           ;
; Total                  ; 00:00:05     ; --                      ; --                  ; 00:00:01                           ;
+------------------------+--------------+-------------------------+---------------------+------------------------------------+


+-------------------------------------------------------------------------------------------------+
; Flow OS Summary                                                                                 ;
+------------------------+-------------------------+----------------+------------+----------------+
; Module Name            ; Machine Hostname        ; OS Name        ; OS Version ; Processor type ;
+------------------------+-------------------------+----------------+------------+----------------+
; Analysis & Elaboration ; quartus-5bddb466b-5mnjw ; Ubuntu 18.04.2 ; 18         ; x86_64         ;
+------------------------+-------------------------+----------------+------------+----------------+


------------
; Flow Log ;
------------
quartus_map --read_settings_files=on --write_settings_files=off P1 -c P1 --analysis_and_elaboration



