TimeQuest Timing Analyzer report for mem_ctrl_1
Mon Jun 10 14:17:13 2019
Quartus II 32-bit Version 13.0.1 Build 232 06/12/2013 Service Pack 1 SJ Full Version


---------------------
; Table of Contents ;
---------------------
  1. Legal Notice
  2. TimeQuest Timing Analyzer Summary
  3. Parallel Compilation
  4. SDC File List
  5. Clocks
  6. Slow 1200mV 85C Model Fmax Summary
  7. Timing Closure Recommendations
  8. Slow 1200mV 85C Model Setup Summary
  9. Slow 1200mV 85C Model Hold Summary
 10. Slow 1200mV 85C Model Recovery Summary
 11. Slow 1200mV 85C Model Removal Summary
 12. Slow 1200mV 85C Model Minimum Pulse Width Summary
 13. Slow 1200mV 85C Model Setup: 'clk'
 14. Slow 1200mV 85C Model Hold: 'clk'
 15. Slow 1200mV 85C Model Minimum Pulse Width: 'clk'
 16. Setup Times
 17. Hold Times
 18. Clock to Output Times
 19. Minimum Clock to Output Times
 20. Slow 1200mV 85C Model Metastability Report
 21. Slow 1200mV 0C Model Fmax Summary
 22. Slow 1200mV 0C Model Setup Summary
 23. Slow 1200mV 0C Model Hold Summary
 24. Slow 1200mV 0C Model Recovery Summary
 25. Slow 1200mV 0C Model Removal Summary
 26. Slow 1200mV 0C Model Minimum Pulse Width Summary
 27. Slow 1200mV 0C Model Setup: 'clk'
 28. Slow 1200mV 0C Model Hold: 'clk'
 29. Slow 1200mV 0C Model Minimum Pulse Width: 'clk'
 30. Setup Times
 31. Hold Times
 32. Clock to Output Times
 33. Minimum Clock to Output Times
 34. Slow 1200mV 0C Model Metastability Report
 35. Fast 1200mV 0C Model Setup Summary
 36. Fast 1200mV 0C Model Hold Summary
 37. Fast 1200mV 0C Model Recovery Summary
 38. Fast 1200mV 0C Model Removal Summary
 39. Fast 1200mV 0C Model Minimum Pulse Width Summary
 40. Fast 1200mV 0C Model Setup: 'clk'
 41. Fast 1200mV 0C Model Hold: 'clk'
 42. Fast 1200mV 0C Model Minimum Pulse Width: 'clk'
 43. Setup Times
 44. Hold Times
 45. Clock to Output Times
 46. Minimum Clock to Output Times
 47. Fast 1200mV 0C Model Metastability Report
 48. Multicorner Timing Analysis Summary
 49. Setup Times
 50. Hold Times
 51. Clock to Output Times
 52. Minimum Clock to Output Times
 53. Board Trace Model Assignments
 54. Input Transition Times
 55. Signal Integrity Metrics (Slow 1200mv 0c Model)
 56. Signal Integrity Metrics (Slow 1200mv 85c Model)
 57. Signal Integrity Metrics (Fast 1200mv 0c Model)
 58. Setup Transfers
 59. Hold Transfers
 60. Report TCCS
 61. Report RSKM
 62. Unconstrained Paths
 63. TimeQuest Timing Analyzer Messages



----------------
; Legal Notice ;
----------------
Copyright (C) 1991-2013 Altera Corporation
Your use of Altera Corporation's design tools, logic functions 
and other software and tools, and its AMPP partner logic 
functions, and any output files from any of the foregoing 
(including device programming or simulation files), and any 
associated documentation or information are expressly subject 
to the terms and conditions of the Altera Program License 
Subscription Agreement, Altera MegaCore Function License 
Agreement, or other applicable license agreement, including, 
without limitation, that your use is for the sole purpose of 
programming logic devices manufactured by Altera and sold by 
Altera or its authorized distributors.  Please refer to the 
applicable agreement for further details.



+-----------------------------------------------------------------------------------------+
; TimeQuest Timing Analyzer Summary                                                       ;
+--------------------+--------------------------------------------------------------------+
; Quartus II Version ; Version 13.0.1 Build 232 06/12/2013 Service Pack 1 SJ Full Version ;
; Revision Name      ; mem_ctrl_1                                                         ;
; Device Family      ; Cyclone IV E                                                       ;
; Device Name        ; EP4CE115F29C7                                                      ;
; Timing Models      ; Final                                                              ;
; Delay Model        ; Combined                                                           ;
; Rise/Fall Delays   ; Enabled                                                            ;
+--------------------+--------------------------------------------------------------------+


+------------------------------------------+
; Parallel Compilation                     ;
+----------------------------+-------------+
; Processors                 ; Number      ;
+----------------------------+-------------+
; Number detected on machine ; 40          ;
; Maximum allowed            ; 16          ;
;                            ;             ;
; Average used               ; 1.00        ;
; Maximum used               ; 16          ;
;                            ;             ;
; Usage by Processor         ; % Time Used ;
;     Processor 1            ; 100.0%      ;
;     Processors 2-16        ; < 0.1%      ;
;     Processors 17-40       ;   0.0%      ;
+----------------------------+-------------+


+---------------------------------------------------+
; SDC File List                                     ;
+---------------+--------+--------------------------+
; SDC File Path ; Status ; Read at                  ;
+---------------+--------+--------------------------+
; SDC1.sdc      ; OK     ; Mon Jun 10 14:17:00 2019 ;
+---------------+--------+--------------------------+


+---------------------------------------------------------------------------------------------------------------------------------------------------------------------------------+
; Clocks                                                                                                                                                                          ;
+------------+------+--------+-----------+-------+--------+------------+-----------+-------------+-------+--------+-----------+------------+----------+--------+--------+---------+
; Clock Name ; Type ; Period ; Frequency ; Rise  ; Fall   ; Duty Cycle ; Divide by ; Multiply by ; Phase ; Offset ; Edge List ; Edge Shift ; Inverted ; Master ; Source ; Targets ;
+------------+------+--------+-----------+-------+--------+------------+-----------+-------------+-------+--------+-----------+------------+----------+--------+--------+---------+
; clk        ; Base ; 20.000 ; 50.0 MHz  ; 0.000 ; 10.000 ;            ;           ;             ;       ;        ;           ;            ;          ;        ;        ; { clk } ;
+------------+------+--------+-----------+-------+--------+------------+-----------+-------------+-------+--------+-----------+------------+----------+--------+--------+---------+


+-----------------------------------------------------------------------------------------------------------+
; Slow 1200mV 85C Model Fmax Summary                                                                        ;
+------------+-----------------+------------+---------------------------------------------------------------+
; Fmax       ; Restricted Fmax ; Clock Name ; Note                                                          ;
+------------+-----------------+------------+---------------------------------------------------------------+
; 542.89 MHz ; 250.0 MHz       ; clk        ; limit due to minimum period restriction (max I/O toggle rate) ;
+------------+-----------------+------------+---------------------------------------------------------------+
This panel reports FMAX for every clock in the design, regardless of the user-specified clock periods.  FMAX is only computed for paths where the source and destination registers or ports are driven by the same clock.  Paths of different clocks, including generated clocks, are ignored.  For paths between a clock and its inversion, FMAX is computed as if the rising and falling edges are scaled along with FMAX, such that the duty cycle (in terms of a percentage) is maintained. Altera recommends that you always use clock constraints and other slack reports for sign-off analysis.


----------------------------------
; Timing Closure Recommendations ;
----------------------------------
HTML report is unavailable in plain text report export.


+-------------------------------------+
; Slow 1200mV 85C Model Setup Summary ;
+-------+--------+--------------------+
; Clock ; Slack  ; End Point TNS      ;
+-------+--------+--------------------+
; clk   ; 18.158 ; 0.000              ;
+-------+--------+--------------------+


+------------------------------------+
; Slow 1200mV 85C Model Hold Summary ;
+-------+-------+--------------------+
; Clock ; Slack ; End Point TNS      ;
+-------+-------+--------------------+
; clk   ; 0.431 ; 0.000              ;
+-------+-------+--------------------+


------------------------------------------
; Slow 1200mV 85C Model Recovery Summary ;
------------------------------------------
No paths to report.


-----------------------------------------
; Slow 1200mV 85C Model Removal Summary ;
-----------------------------------------
No paths to report.


+---------------------------------------------------+
; Slow 1200mV 85C Model Minimum Pulse Width Summary ;
+-------+-------+-----------------------------------+
; Clock ; Slack ; End Point TNS                     ;
+-------+-------+-----------------------------------+
; clk   ; 9.758 ; 0.000                             ;
+-------+-------+-----------------------------------+


+------------------------------------------------------------------------------------------------------------------+
; Slow 1200mV 85C Model Setup: 'clk'                                                                               ;
+--------+-----------------+-----------------+--------------+-------------+--------------+------------+------------+
; Slack  ; From Node       ; To Node         ; Launch Clock ; Latch Clock ; Relationship ; Clock Skew ; Data Delay ;
+--------+-----------------+-----------------+--------------+-------------+--------------+------------+------------+
; 18.158 ; state_reg.read1 ; oe_buf_reg      ; clk          ; clk         ; 20.000       ; -0.081     ; 1.779      ;
; 18.159 ; state_reg.read1 ; state_reg.idle  ; clk          ; clk         ; 20.000       ; -0.081     ; 1.778      ;
; 18.330 ; state_reg.idle  ; oe_buf_reg      ; clk          ; clk         ; 20.000       ; -0.081     ; 1.607      ;
; 18.332 ; state_reg.idle  ; state_reg.idle  ; clk          ; clk         ; 20.000       ; -0.081     ; 1.605      ;
; 18.468 ; state_reg.idle  ; we_buf_reg      ; clk          ; clk         ; 20.000       ; -0.081     ; 1.469      ;
; 18.666 ; state_reg.read4 ; oe_buf_reg      ; clk          ; clk         ; 20.000       ; -0.081     ; 1.271      ;
; 18.795 ; state_reg.write ; state_reg.idle  ; clk          ; clk         ; 20.000       ; -0.081     ; 1.142      ;
; 18.828 ; state_reg.write ; oe_buf_reg      ; clk          ; clk         ; 20.000       ; -0.081     ; 1.109      ;
; 18.969 ; state_reg.read3 ; state_reg.read4 ; clk          ; clk         ; 20.000       ; -0.081     ; 0.968      ;
; 18.999 ; state_reg.idle  ; state_reg.read1 ; clk          ; clk         ; 20.000       ; -0.081     ; 0.938      ;
; 19.001 ; state_reg.idle  ; state_reg.write ; clk          ; clk         ; 20.000       ; -0.081     ; 0.936      ;
; 19.116 ; state_reg.read4 ; state_reg.idle  ; clk          ; clk         ; 20.000       ; -0.081     ; 0.821      ;
; 19.133 ; state_reg.read1 ; state_reg.read2 ; clk          ; clk         ; 20.000       ; -0.081     ; 0.804      ;
; 19.146 ; state_reg.read2 ; state_reg.read3 ; clk          ; clk         ; 20.000       ; -0.081     ; 0.791      ;
+--------+-----------------+-----------------+--------------+-------------+--------------+------------+------------+


+-----------------------------------------------------------------------------------------------------------------+
; Slow 1200mV 85C Model Hold: 'clk'                                                                               ;
+-------+-----------------+-----------------+--------------+-------------+--------------+------------+------------+
; Slack ; From Node       ; To Node         ; Launch Clock ; Latch Clock ; Relationship ; Clock Skew ; Data Delay ;
+-------+-----------------+-----------------+--------------+-------------+--------------+------------+------------+
; 0.431 ; state_reg.read2 ; state_reg.read3 ; clk          ; clk         ; 0.000        ; 0.081      ; 0.698      ;
; 0.438 ; state_reg.read1 ; state_reg.read2 ; clk          ; clk         ; 0.000        ; 0.081      ; 0.705      ;
; 0.442 ; state_reg.read4 ; state_reg.idle  ; clk          ; clk         ; 0.000        ; 0.081      ; 0.709      ;
; 0.555 ; state_reg.idle  ; state_reg.write ; clk          ; clk         ; 0.000        ; 0.081      ; 0.822      ;
; 0.557 ; state_reg.idle  ; state_reg.read1 ; clk          ; clk         ; 0.000        ; 0.081      ; 0.824      ;
; 0.599 ; state_reg.read3 ; state_reg.read4 ; clk          ; clk         ; 0.000        ; 0.081      ; 0.866      ;
; 0.739 ; state_reg.write ; state_reg.idle  ; clk          ; clk         ; 0.000        ; 0.081      ; 1.006      ;
; 0.741 ; state_reg.write ; oe_buf_reg      ; clk          ; clk         ; 0.000        ; 0.081      ; 1.008      ;
; 0.915 ; state_reg.read4 ; oe_buf_reg      ; clk          ; clk         ; 0.000        ; 0.081      ; 1.182      ;
; 1.042 ; state_reg.idle  ; we_buf_reg      ; clk          ; clk         ; 0.000        ; 0.081      ; 1.309      ;
; 1.061 ; state_reg.idle  ; oe_buf_reg      ; clk          ; clk         ; 0.000        ; 0.081      ; 1.328      ;
; 1.177 ; state_reg.idle  ; state_reg.idle  ; clk          ; clk         ; 0.000        ; 0.081      ; 1.444      ;
; 1.323 ; state_reg.read1 ; state_reg.idle  ; clk          ; clk         ; 0.000        ; 0.081      ; 1.590      ;
; 1.324 ; state_reg.read1 ; oe_buf_reg      ; clk          ; clk         ; 0.000        ; 0.081      ; 1.591      ;
+-------+-----------------+-----------------+--------------+-------------+--------------+------------+------------+


+------------------------------------------------------------------------------------------------------------+
; Slow 1200mV 85C Model Minimum Pulse Width: 'clk'                                                           ;
+--------+--------------+----------------+------------------+-------+------------+---------------------------+
; Slack  ; Actual Width ; Required Width ; Type             ; Clock ; Clock Edge ; Target                    ;
+--------+--------------+----------------+------------------+-------+------------+---------------------------+
; 9.758  ; 9.946        ; 0.188          ; Low Pulse Width  ; clk   ; Rise       ; oe_buf_reg                ;
; 9.758  ; 9.946        ; 0.188          ; Low Pulse Width  ; clk   ; Rise       ; state_reg.idle            ;
; 9.758  ; 9.946        ; 0.188          ; Low Pulse Width  ; clk   ; Rise       ; state_reg.read1           ;
; 9.758  ; 9.946        ; 0.188          ; Low Pulse Width  ; clk   ; Rise       ; state_reg.read2           ;
; 9.758  ; 9.946        ; 0.188          ; Low Pulse Width  ; clk   ; Rise       ; state_reg.read3           ;
; 9.758  ; 9.946        ; 0.188          ; Low Pulse Width  ; clk   ; Rise       ; state_reg.read4           ;
; 9.758  ; 9.946        ; 0.188          ; Low Pulse Width  ; clk   ; Rise       ; state_reg.write           ;
; 9.758  ; 9.946        ; 0.188          ; Low Pulse Width  ; clk   ; Rise       ; we_buf_reg                ;
; 9.833  ; 10.053       ; 0.220          ; High Pulse Width ; clk   ; Rise       ; oe_buf_reg                ;
; 9.833  ; 10.053       ; 0.220          ; High Pulse Width ; clk   ; Rise       ; state_reg.idle            ;
; 9.833  ; 10.053       ; 0.220          ; High Pulse Width ; clk   ; Rise       ; state_reg.read1           ;
; 9.833  ; 10.053       ; 0.220          ; High Pulse Width ; clk   ; Rise       ; state_reg.read2           ;
; 9.833  ; 10.053       ; 0.220          ; High Pulse Width ; clk   ; Rise       ; state_reg.read3           ;
; 9.833  ; 10.053       ; 0.220          ; High Pulse Width ; clk   ; Rise       ; state_reg.read4           ;
; 9.833  ; 10.053       ; 0.220          ; High Pulse Width ; clk   ; Rise       ; state_reg.write           ;
; 9.833  ; 10.053       ; 0.220          ; High Pulse Width ; clk   ; Rise       ; we_buf_reg                ;
; 9.894  ; 9.894        ; 0.000          ; Low Pulse Width  ; clk   ; Rise       ; clk~input|o               ;
; 9.908  ; 9.908        ; 0.000          ; Low Pulse Width  ; clk   ; Rise       ; clk~inputclkctrl|inclk[0] ;
; 9.908  ; 9.908        ; 0.000          ; Low Pulse Width  ; clk   ; Rise       ; clk~inputclkctrl|outclk   ;
; 9.911  ; 9.911        ; 0.000          ; Low Pulse Width  ; clk   ; Rise       ; oe_buf_reg|clk            ;
; 9.911  ; 9.911        ; 0.000          ; Low Pulse Width  ; clk   ; Rise       ; state_reg.idle|clk        ;
; 9.911  ; 9.911        ; 0.000          ; Low Pulse Width  ; clk   ; Rise       ; state_reg.read1|clk       ;
; 9.911  ; 9.911        ; 0.000          ; Low Pulse Width  ; clk   ; Rise       ; state_reg.read2|clk       ;
; 9.911  ; 9.911        ; 0.000          ; Low Pulse Width  ; clk   ; Rise       ; state_reg.read3|clk       ;
; 9.911  ; 9.911        ; 0.000          ; Low Pulse Width  ; clk   ; Rise       ; state_reg.read4|clk       ;
; 9.911  ; 9.911        ; 0.000          ; Low Pulse Width  ; clk   ; Rise       ; state_reg.write|clk       ;
; 9.911  ; 9.911        ; 0.000          ; Low Pulse Width  ; clk   ; Rise       ; we_buf_reg|clk            ;
; 10.000 ; 10.000       ; 0.000          ; High Pulse Width ; clk   ; Rise       ; clk~input|i               ;
; 10.000 ; 10.000       ; 0.000          ; Low Pulse Width  ; clk   ; Rise       ; clk~input|i               ;
; 10.089 ; 10.089       ; 0.000          ; High Pulse Width ; clk   ; Rise       ; oe_buf_reg|clk            ;
; 10.089 ; 10.089       ; 0.000          ; High Pulse Width ; clk   ; Rise       ; state_reg.idle|clk        ;
; 10.089 ; 10.089       ; 0.000          ; High Pulse Width ; clk   ; Rise       ; state_reg.read1|clk       ;
; 10.089 ; 10.089       ; 0.000          ; High Pulse Width ; clk   ; Rise       ; state_reg.read2|clk       ;
; 10.089 ; 10.089       ; 0.000          ; High Pulse Width ; clk   ; Rise       ; state_reg.read3|clk       ;
; 10.089 ; 10.089       ; 0.000          ; High Pulse Width ; clk   ; Rise       ; state_reg.read4|clk       ;
; 10.089 ; 10.089       ; 0.000          ; High Pulse Width ; clk   ; Rise       ; state_reg.write|clk       ;
; 10.089 ; 10.089       ; 0.000          ; High Pulse Width ; clk   ; Rise       ; we_buf_reg|clk            ;
; 10.092 ; 10.092       ; 0.000          ; High Pulse Width ; clk   ; Rise       ; clk~inputclkctrl|inclk[0] ;
; 10.092 ; 10.092       ; 0.000          ; High Pulse Width ; clk   ; Rise       ; clk~inputclkctrl|outclk   ;
; 10.106 ; 10.106       ; 0.000          ; High Pulse Width ; clk   ; Rise       ; clk~input|o               ;
; 16.000 ; 20.000       ; 4.000          ; Port Rate        ; clk   ; Rise       ; clk                       ;
; 17.715 ; 20.000       ; 2.285          ; Min Period       ; clk   ; Rise       ; oe_buf_reg                ;
; 17.715 ; 20.000       ; 2.285          ; Min Period       ; clk   ; Rise       ; state_reg.idle            ;
; 17.715 ; 20.000       ; 2.285          ; Min Period       ; clk   ; Rise       ; state_reg.read1           ;
; 17.715 ; 20.000       ; 2.285          ; Min Period       ; clk   ; Rise       ; state_reg.read2           ;
; 17.715 ; 20.000       ; 2.285          ; Min Period       ; clk   ; Rise       ; state_reg.read3           ;
; 17.715 ; 20.000       ; 2.285          ; Min Period       ; clk   ; Rise       ; state_reg.read4           ;
; 17.715 ; 20.000       ; 2.285          ; Min Period       ; clk   ; Rise       ; state_reg.write           ;
; 17.715 ; 20.000       ; 2.285          ; Min Period       ; clk   ; Rise       ; we_buf_reg                ;
+--------+--------------+----------------+------------------+-------+------------+---------------------------+


+-----------------------------------------------------------------------+
; Setup Times                                                           ;
+-----------+------------+-------+-------+------------+-----------------+
; Data Port ; Clock Port ; Rise  ; Fall  ; Clock Edge ; Clock Reference ;
+-----------+------------+-------+-------+------------+-----------------+
; burst     ; clk        ; 1.358 ; 1.746 ; Rise       ; clk             ;
; mem       ; clk        ; 1.941 ; 2.314 ; Rise       ; clk             ;
; rw        ; clk        ; 1.531 ; 1.903 ; Rise       ; clk             ;
+-----------+------------+-------+-------+------------+-----------------+


+-------------------------------------------------------------------------+
; Hold Times                                                              ;
+-----------+------------+--------+--------+------------+-----------------+
; Data Port ; Clock Port ; Rise   ; Fall   ; Clock Edge ; Clock Reference ;
+-----------+------------+--------+--------+------------+-----------------+
; burst     ; clk        ; -0.527 ; -0.862 ; Rise       ; clk             ;
; mem       ; clk        ; -0.753 ; -1.120 ; Rise       ; clk             ;
; rw        ; clk        ; -0.466 ; -0.846 ; Rise       ; clk             ;
+-----------+------------+--------+--------+------------+-----------------+


+-----------------------------------------------------------------------+
; Clock to Output Times                                                 ;
+-----------+------------+-------+-------+------------+-----------------+
; Data Port ; Clock Port ; Rise  ; Fall  ; Clock Edge ; Clock Reference ;
+-----------+------------+-------+-------+------------+-----------------+
; oe        ; clk        ; 7.879 ; 7.988 ; Rise       ; clk             ;
; we        ; clk        ; 6.917 ; 6.925 ; Rise       ; clk             ;
+-----------+------------+-------+-------+------------+-----------------+


+-----------------------------------------------------------------------+
; Minimum Clock to Output Times                                         ;
+-----------+------------+-------+-------+------------+-----------------+
; Data Port ; Clock Port ; Rise  ; Fall  ; Clock Edge ; Clock Reference ;
+-----------+------------+-------+-------+------------+-----------------+
; oe        ; clk        ; 7.659 ; 7.766 ; Rise       ; clk             ;
; we        ; clk        ; 6.685 ; 6.691 ; Rise       ; clk             ;
+-----------+------------+-------+-------+------------+-----------------+


----------------------------------------------
; Slow 1200mV 85C Model Metastability Report ;
----------------------------------------------
No synchronizer chains to report.


+-----------------------------------------------------------------------------------------------------------+
; Slow 1200mV 0C Model Fmax Summary                                                                         ;
+------------+-----------------+------------+---------------------------------------------------------------+
; Fmax       ; Restricted Fmax ; Clock Name ; Note                                                          ;
+------------+-----------------+------------+---------------------------------------------------------------+
; 603.86 MHz ; 250.0 MHz       ; clk        ; limit due to minimum period restriction (max I/O toggle rate) ;
+------------+-----------------+------------+---------------------------------------------------------------+
This panel reports FMAX for every clock in the design, regardless of the user-specified clock periods.  FMAX is only computed for paths where the source and destination registers or ports are driven by the same clock.  Paths of different clocks, including generated clocks, are ignored.  For paths between a clock and its inversion, FMAX is computed as if the rising and falling edges are scaled along with FMAX, such that the duty cycle (in terms of a percentage) is maintained. Altera recommends that you always use clock constraints and other slack reports for sign-off analysis.


+------------------------------------+
; Slow 1200mV 0C Model Setup Summary ;
+-------+--------+-------------------+
; Clock ; Slack  ; End Point TNS     ;
+-------+--------+-------------------+
; clk   ; 18.344 ; 0.000             ;
+-------+--------+-------------------+


+-----------------------------------+
; Slow 1200mV 0C Model Hold Summary ;
+-------+-------+-------------------+
; Clock ; Slack ; End Point TNS     ;
+-------+-------+-------------------+
; clk   ; 0.398 ; 0.000             ;
+-------+-------+-------------------+


-----------------------------------------
; Slow 1200mV 0C Model Recovery Summary ;
-----------------------------------------
No paths to report.


----------------------------------------
; Slow 1200mV 0C Model Removal Summary ;
----------------------------------------
No paths to report.


+--------------------------------------------------+
; Slow 1200mV 0C Model Minimum Pulse Width Summary ;
+-------+-------+----------------------------------+
; Clock ; Slack ; End Point TNS                    ;
+-------+-------+----------------------------------+
; clk   ; 9.778 ; 0.000                            ;
+-------+-------+----------------------------------+


+------------------------------------------------------------------------------------------------------------------+
; Slow 1200mV 0C Model Setup: 'clk'                                                                                ;
+--------+-----------------+-----------------+--------------+-------------+--------------+------------+------------+
; Slack  ; From Node       ; To Node         ; Launch Clock ; Latch Clock ; Relationship ; Clock Skew ; Data Delay ;
+--------+-----------------+-----------------+--------------+-------------+--------------+------------+------------+
; 18.344 ; state_reg.read1 ; oe_buf_reg      ; clk          ; clk         ; 20.000       ; -0.072     ; 1.603      ;
; 18.346 ; state_reg.read1 ; state_reg.idle  ; clk          ; clk         ; 20.000       ; -0.072     ; 1.601      ;
; 18.476 ; state_reg.idle  ; oe_buf_reg      ; clk          ; clk         ; 20.000       ; -0.072     ; 1.471      ;
; 18.478 ; state_reg.idle  ; state_reg.idle  ; clk          ; clk         ; 20.000       ; -0.072     ; 1.469      ;
; 18.594 ; state_reg.idle  ; we_buf_reg      ; clk          ; clk         ; 20.000       ; -0.072     ; 1.353      ;
; 18.796 ; state_reg.read4 ; oe_buf_reg      ; clk          ; clk         ; 20.000       ; -0.072     ; 1.151      ;
; 18.918 ; state_reg.write ; state_reg.idle  ; clk          ; clk         ; 20.000       ; -0.072     ; 1.029      ;
; 18.947 ; state_reg.write ; oe_buf_reg      ; clk          ; clk         ; 20.000       ; -0.072     ; 1.000      ;
; 19.063 ; state_reg.read3 ; state_reg.read4 ; clk          ; clk         ; 20.000       ; -0.072     ; 0.884      ;
; 19.093 ; state_reg.idle  ; state_reg.read1 ; clk          ; clk         ; 20.000       ; -0.072     ; 0.854      ;
; 19.095 ; state_reg.idle  ; state_reg.write ; clk          ; clk         ; 20.000       ; -0.072     ; 0.852      ;
; 19.202 ; state_reg.read4 ; state_reg.idle  ; clk          ; clk         ; 20.000       ; -0.072     ; 0.745      ;
; 19.224 ; state_reg.read1 ; state_reg.read2 ; clk          ; clk         ; 20.000       ; -0.072     ; 0.723      ;
; 19.235 ; state_reg.read2 ; state_reg.read3 ; clk          ; clk         ; 20.000       ; -0.072     ; 0.712      ;
+--------+-----------------+-----------------+--------------+-------------+--------------+------------+------------+


+-----------------------------------------------------------------------------------------------------------------+
; Slow 1200mV 0C Model Hold: 'clk'                                                                                ;
+-------+-----------------+-----------------+--------------+-------------+--------------+------------+------------+
; Slack ; From Node       ; To Node         ; Launch Clock ; Latch Clock ; Relationship ; Clock Skew ; Data Delay ;
+-------+-----------------+-----------------+--------------+-------------+--------------+------------+------------+
; 0.398 ; state_reg.read2 ; state_reg.read3 ; clk          ; clk         ; 0.000        ; 0.072      ; 0.641      ;
; 0.400 ; state_reg.read4 ; state_reg.idle  ; clk          ; clk         ; 0.000        ; 0.072      ; 0.643      ;
; 0.404 ; state_reg.read1 ; state_reg.read2 ; clk          ; clk         ; 0.000        ; 0.072      ; 0.647      ;
; 0.503 ; state_reg.idle  ; state_reg.write ; clk          ; clk         ; 0.000        ; 0.072      ; 0.746      ;
; 0.505 ; state_reg.idle  ; state_reg.read1 ; clk          ; clk         ; 0.000        ; 0.072      ; 0.748      ;
; 0.548 ; state_reg.read3 ; state_reg.read4 ; clk          ; clk         ; 0.000        ; 0.072      ; 0.791      ;
; 0.674 ; state_reg.write ; state_reg.idle  ; clk          ; clk         ; 0.000        ; 0.072      ; 0.917      ;
; 0.676 ; state_reg.write ; oe_buf_reg      ; clk          ; clk         ; 0.000        ; 0.072      ; 0.919      ;
; 0.846 ; state_reg.read4 ; oe_buf_reg      ; clk          ; clk         ; 0.000        ; 0.072      ; 1.089      ;
; 0.934 ; state_reg.idle  ; we_buf_reg      ; clk          ; clk         ; 0.000        ; 0.072      ; 1.177      ;
; 0.957 ; state_reg.idle  ; oe_buf_reg      ; clk          ; clk         ; 0.000        ; 0.072      ; 1.200      ;
; 1.065 ; state_reg.idle  ; state_reg.idle  ; clk          ; clk         ; 0.000        ; 0.072      ; 1.308      ;
; 1.216 ; state_reg.read1 ; state_reg.idle  ; clk          ; clk         ; 0.000        ; 0.072      ; 1.459      ;
; 1.217 ; state_reg.read1 ; oe_buf_reg      ; clk          ; clk         ; 0.000        ; 0.072      ; 1.460      ;
+-------+-----------------+-----------------+--------------+-------------+--------------+------------+------------+


+------------------------------------------------------------------------------------------------------------+
; Slow 1200mV 0C Model Minimum Pulse Width: 'clk'                                                            ;
+--------+--------------+----------------+------------------+-------+------------+---------------------------+
; Slack  ; Actual Width ; Required Width ; Type             ; Clock ; Clock Edge ; Target                    ;
+--------+--------------+----------------+------------------+-------+------------+---------------------------+
; 9.778  ; 9.964        ; 0.186          ; Low Pulse Width  ; clk   ; Rise       ; oe_buf_reg                ;
; 9.778  ; 9.964        ; 0.186          ; Low Pulse Width  ; clk   ; Rise       ; state_reg.idle            ;
; 9.778  ; 9.964        ; 0.186          ; Low Pulse Width  ; clk   ; Rise       ; state_reg.read1           ;
; 9.778  ; 9.964        ; 0.186          ; Low Pulse Width  ; clk   ; Rise       ; state_reg.read2           ;
; 9.778  ; 9.964        ; 0.186          ; Low Pulse Width  ; clk   ; Rise       ; state_reg.read3           ;
; 9.778  ; 9.964        ; 0.186          ; Low Pulse Width  ; clk   ; Rise       ; state_reg.read4           ;
; 9.778  ; 9.964        ; 0.186          ; Low Pulse Width  ; clk   ; Rise       ; state_reg.write           ;
; 9.778  ; 9.964        ; 0.186          ; Low Pulse Width  ; clk   ; Rise       ; we_buf_reg                ;
; 9.816  ; 10.034       ; 0.218          ; High Pulse Width ; clk   ; Rise       ; oe_buf_reg                ;
; 9.816  ; 10.034       ; 0.218          ; High Pulse Width ; clk   ; Rise       ; state_reg.idle            ;
; 9.816  ; 10.034       ; 0.218          ; High Pulse Width ; clk   ; Rise       ; state_reg.read1           ;
; 9.816  ; 10.034       ; 0.218          ; High Pulse Width ; clk   ; Rise       ; state_reg.read2           ;
; 9.816  ; 10.034       ; 0.218          ; High Pulse Width ; clk   ; Rise       ; state_reg.read3           ;
; 9.816  ; 10.034       ; 0.218          ; High Pulse Width ; clk   ; Rise       ; state_reg.read4           ;
; 9.816  ; 10.034       ; 0.218          ; High Pulse Width ; clk   ; Rise       ; state_reg.write           ;
; 9.816  ; 10.034       ; 0.218          ; High Pulse Width ; clk   ; Rise       ; we_buf_reg                ;
; 9.916  ; 9.916        ; 0.000          ; Low Pulse Width  ; clk   ; Rise       ; clk~input|o               ;
; 9.922  ; 9.922        ; 0.000          ; Low Pulse Width  ; clk   ; Rise       ; clk~inputclkctrl|inclk[0] ;
; 9.922  ; 9.922        ; 0.000          ; Low Pulse Width  ; clk   ; Rise       ; clk~inputclkctrl|outclk   ;
; 9.926  ; 9.926        ; 0.000          ; Low Pulse Width  ; clk   ; Rise       ; oe_buf_reg|clk            ;
; 9.926  ; 9.926        ; 0.000          ; Low Pulse Width  ; clk   ; Rise       ; state_reg.idle|clk        ;
; 9.926  ; 9.926        ; 0.000          ; Low Pulse Width  ; clk   ; Rise       ; state_reg.read1|clk       ;
; 9.926  ; 9.926        ; 0.000          ; Low Pulse Width  ; clk   ; Rise       ; state_reg.read2|clk       ;
; 9.926  ; 9.926        ; 0.000          ; Low Pulse Width  ; clk   ; Rise       ; state_reg.read3|clk       ;
; 9.926  ; 9.926        ; 0.000          ; Low Pulse Width  ; clk   ; Rise       ; state_reg.read4|clk       ;
; 9.926  ; 9.926        ; 0.000          ; Low Pulse Width  ; clk   ; Rise       ; state_reg.write|clk       ;
; 9.926  ; 9.926        ; 0.000          ; Low Pulse Width  ; clk   ; Rise       ; we_buf_reg|clk            ;
; 10.000 ; 10.000       ; 0.000          ; High Pulse Width ; clk   ; Rise       ; clk~input|i               ;
; 10.000 ; 10.000       ; 0.000          ; Low Pulse Width  ; clk   ; Rise       ; clk~input|i               ;
; 10.074 ; 10.074       ; 0.000          ; High Pulse Width ; clk   ; Rise       ; oe_buf_reg|clk            ;
; 10.074 ; 10.074       ; 0.000          ; High Pulse Width ; clk   ; Rise       ; state_reg.idle|clk        ;
; 10.074 ; 10.074       ; 0.000          ; High Pulse Width ; clk   ; Rise       ; state_reg.read1|clk       ;
; 10.074 ; 10.074       ; 0.000          ; High Pulse Width ; clk   ; Rise       ; state_reg.read2|clk       ;
; 10.074 ; 10.074       ; 0.000          ; High Pulse Width ; clk   ; Rise       ; state_reg.read3|clk       ;
; 10.074 ; 10.074       ; 0.000          ; High Pulse Width ; clk   ; Rise       ; state_reg.read4|clk       ;
; 10.074 ; 10.074       ; 0.000          ; High Pulse Width ; clk   ; Rise       ; state_reg.write|clk       ;
; 10.074 ; 10.074       ; 0.000          ; High Pulse Width ; clk   ; Rise       ; we_buf_reg|clk            ;
; 10.078 ; 10.078       ; 0.000          ; High Pulse Width ; clk   ; Rise       ; clk~inputclkctrl|inclk[0] ;
; 10.078 ; 10.078       ; 0.000          ; High Pulse Width ; clk   ; Rise       ; clk~inputclkctrl|outclk   ;
; 10.084 ; 10.084       ; 0.000          ; High Pulse Width ; clk   ; Rise       ; clk~input|o               ;
; 16.000 ; 20.000       ; 4.000          ; Port Rate        ; clk   ; Rise       ; clk                       ;
; 17.715 ; 20.000       ; 2.285          ; Min Period       ; clk   ; Rise       ; oe_buf_reg                ;
; 17.715 ; 20.000       ; 2.285          ; Min Period       ; clk   ; Rise       ; state_reg.idle            ;
; 17.715 ; 20.000       ; 2.285          ; Min Period       ; clk   ; Rise       ; state_reg.read1           ;
; 17.715 ; 20.000       ; 2.285          ; Min Period       ; clk   ; Rise       ; state_reg.read2           ;
; 17.715 ; 20.000       ; 2.285          ; Min Period       ; clk   ; Rise       ; state_reg.read3           ;
; 17.715 ; 20.000       ; 2.285          ; Min Period       ; clk   ; Rise       ; state_reg.read4           ;
; 17.715 ; 20.000       ; 2.285          ; Min Period       ; clk   ; Rise       ; state_reg.write           ;
; 17.715 ; 20.000       ; 2.285          ; Min Period       ; clk   ; Rise       ; we_buf_reg                ;
+--------+--------------+----------------+------------------+-------+------------+---------------------------+


+-----------------------------------------------------------------------+
; Setup Times                                                           ;
+-----------+------------+-------+-------+------------+-----------------+
; Data Port ; Clock Port ; Rise  ; Fall  ; Clock Edge ; Clock Reference ;
+-----------+------------+-------+-------+------------+-----------------+
; burst     ; clk        ; 1.138 ; 1.452 ; Rise       ; clk             ;
; mem       ; clk        ; 1.679 ; 1.957 ; Rise       ; clk             ;
; rw        ; clk        ; 1.288 ; 1.590 ; Rise       ; clk             ;
+-----------+------------+-------+-------+------------+-----------------+


+-------------------------------------------------------------------------+
; Hold Times                                                              ;
+-----------+------------+--------+--------+------------+-----------------+
; Data Port ; Clock Port ; Rise   ; Fall   ; Clock Edge ; Clock Reference ;
+-----------+------------+--------+--------+------------+-----------------+
; burst     ; clk        ; -0.403 ; -0.639 ; Rise       ; clk             ;
; mem       ; clk        ; -0.610 ; -0.869 ; Rise       ; clk             ;
; rw        ; clk        ; -0.343 ; -0.622 ; Rise       ; clk             ;
+-----------+------------+--------+--------+------------+-----------------+


+-----------------------------------------------------------------------+
; Clock to Output Times                                                 ;
+-----------+------------+-------+-------+------------+-----------------+
; Data Port ; Clock Port ; Rise  ; Fall  ; Clock Edge ; Clock Reference ;
+-----------+------------+-------+-------+------------+-----------------+
; oe        ; clk        ; 7.047 ; 7.107 ; Rise       ; clk             ;
; we        ; clk        ; 6.247 ; 6.217 ; Rise       ; clk             ;
+-----------+------------+-------+-------+------------+-----------------+


+-----------------------------------------------------------------------+
; Minimum Clock to Output Times                                         ;
+-----------+------------+-------+-------+------------+-----------------+
; Data Port ; Clock Port ; Rise  ; Fall  ; Clock Edge ; Clock Reference ;
+-----------+------------+-------+-------+------------+-----------------+
; oe        ; clk        ; 6.836 ; 6.896 ; Rise       ; clk             ;
; we        ; clk        ; 6.025 ; 5.995 ; Rise       ; clk             ;
+-----------+------------+-------+-------+------------+-----------------+


---------------------------------------------
; Slow 1200mV 0C Model Metastability Report ;
---------------------------------------------
No synchronizer chains to report.


+------------------------------------+
; Fast 1200mV 0C Model Setup Summary ;
+-------+--------+-------------------+
; Clock ; Slack  ; End Point TNS     ;
+-------+--------+-------------------+
; clk   ; 19.114 ; 0.000             ;
+-------+--------+-------------------+


+-----------------------------------+
; Fast 1200mV 0C Model Hold Summary ;
+-------+-------+-------------------+
; Clock ; Slack ; End Point TNS     ;
+-------+-------+-------------------+
; clk   ; 0.190 ; 0.000             ;
+-------+-------+-------------------+


-----------------------------------------
; Fast 1200mV 0C Model Recovery Summary ;
-----------------------------------------
No paths to report.


----------------------------------------
; Fast 1200mV 0C Model Removal Summary ;
----------------------------------------
No paths to report.


+--------------------------------------------------+
; Fast 1200mV 0C Model Minimum Pulse Width Summary ;
+-------+-------+----------------------------------+
; Clock ; Slack ; End Point TNS                    ;
+-------+-------+----------------------------------+
; clk   ; 9.437 ; 0.000                            ;
+-------+-------+----------------------------------+


+------------------------------------------------------------------------------------------------------------------+
; Fast 1200mV 0C Model Setup: 'clk'                                                                                ;
+--------+-----------------+-----------------+--------------+-------------+--------------+------------+------------+
; Slack  ; From Node       ; To Node         ; Launch Clock ; Latch Clock ; Relationship ; Clock Skew ; Data Delay ;
+--------+-----------------+-----------------+--------------+-------------+--------------+------------+------------+
; 19.114 ; state_reg.read1 ; oe_buf_reg      ; clk          ; clk         ; 20.000       ; -0.042     ; 0.851      ;
; 19.116 ; state_reg.read1 ; state_reg.idle  ; clk          ; clk         ; 20.000       ; -0.042     ; 0.849      ;
; 19.226 ; state_reg.idle  ; oe_buf_reg      ; clk          ; clk         ; 20.000       ; -0.042     ; 0.739      ;
; 19.227 ; state_reg.idle  ; state_reg.idle  ; clk          ; clk         ; 20.000       ; -0.042     ; 0.738      ;
; 19.301 ; state_reg.idle  ; we_buf_reg      ; clk          ; clk         ; 20.000       ; -0.042     ; 0.664      ;
; 19.353 ; state_reg.read4 ; oe_buf_reg      ; clk          ; clk         ; 20.000       ; -0.042     ; 0.612      ;
; 19.420 ; state_reg.write ; state_reg.idle  ; clk          ; clk         ; 20.000       ; -0.042     ; 0.545      ;
; 19.440 ; state_reg.write ; oe_buf_reg      ; clk          ; clk         ; 20.000       ; -0.042     ; 0.525      ;
; 19.528 ; state_reg.read3 ; state_reg.read4 ; clk          ; clk         ; 20.000       ; -0.042     ; 0.437      ;
; 19.530 ; state_reg.idle  ; state_reg.read1 ; clk          ; clk         ; 20.000       ; -0.042     ; 0.435      ;
; 19.533 ; state_reg.idle  ; state_reg.write ; clk          ; clk         ; 20.000       ; -0.042     ; 0.432      ;
; 19.583 ; state_reg.read1 ; state_reg.read2 ; clk          ; clk         ; 20.000       ; -0.042     ; 0.382      ;
; 19.584 ; state_reg.read4 ; state_reg.idle  ; clk          ; clk         ; 20.000       ; -0.042     ; 0.381      ;
; 19.590 ; state_reg.read2 ; state_reg.read3 ; clk          ; clk         ; 20.000       ; -0.042     ; 0.375      ;
+--------+-----------------+-----------------+--------------+-------------+--------------+------------+------------+


+-----------------------------------------------------------------------------------------------------------------+
; Fast 1200mV 0C Model Hold: 'clk'                                                                                ;
+-------+-----------------+-----------------+--------------+-------------+--------------+------------+------------+
; Slack ; From Node       ; To Node         ; Launch Clock ; Latch Clock ; Relationship ; Clock Skew ; Data Delay ;
+-------+-----------------+-----------------+--------------+-------------+--------------+------------+------------+
; 0.190 ; state_reg.read2 ; state_reg.read3 ; clk          ; clk         ; 0.000        ; 0.042      ; 0.316      ;
; 0.194 ; state_reg.read1 ; state_reg.read2 ; clk          ; clk         ; 0.000        ; 0.042      ; 0.320      ;
; 0.204 ; state_reg.read4 ; state_reg.idle  ; clk          ; clk         ; 0.000        ; 0.042      ; 0.330      ;
; 0.254 ; state_reg.idle  ; state_reg.write ; clk          ; clk         ; 0.000        ; 0.042      ; 0.380      ;
; 0.256 ; state_reg.idle  ; state_reg.read1 ; clk          ; clk         ; 0.000        ; 0.042      ; 0.382      ;
; 0.261 ; state_reg.read3 ; state_reg.read4 ; clk          ; clk         ; 0.000        ; 0.042      ; 0.387      ;
; 0.334 ; state_reg.write ; state_reg.idle  ; clk          ; clk         ; 0.000        ; 0.042      ; 0.460      ;
; 0.336 ; state_reg.write ; oe_buf_reg      ; clk          ; clk         ; 0.000        ; 0.042      ; 0.462      ;
; 0.408 ; state_reg.read4 ; oe_buf_reg      ; clk          ; clk         ; 0.000        ; 0.042      ; 0.534      ;
; 0.499 ; state_reg.idle  ; we_buf_reg      ; clk          ; clk         ; 0.000        ; 0.042      ; 0.625      ;
; 0.503 ; state_reg.idle  ; oe_buf_reg      ; clk          ; clk         ; 0.000        ; 0.042      ; 0.629      ;
; 0.554 ; state_reg.idle  ; state_reg.idle  ; clk          ; clk         ; 0.000        ; 0.042      ; 0.680      ;
; 0.599 ; state_reg.read1 ; state_reg.idle  ; clk          ; clk         ; 0.000        ; 0.042      ; 0.725      ;
; 0.600 ; state_reg.read1 ; oe_buf_reg      ; clk          ; clk         ; 0.000        ; 0.042      ; 0.726      ;
+-------+-----------------+-----------------+--------------+-------------+--------------+------------+------------+


+------------------------------------------------------------------------------------------------------------+
; Fast 1200mV 0C Model Minimum Pulse Width: 'clk'                                                            ;
+--------+--------------+----------------+------------------+-------+------------+---------------------------+
; Slack  ; Actual Width ; Required Width ; Type             ; Clock ; Clock Edge ; Target                    ;
+--------+--------------+----------------+------------------+-------+------------+---------------------------+
; 9.437  ; 9.621        ; 0.184          ; Low Pulse Width  ; clk   ; Rise       ; oe_buf_reg                ;
; 9.437  ; 9.621        ; 0.184          ; Low Pulse Width  ; clk   ; Rise       ; state_reg.idle            ;
; 9.437  ; 9.621        ; 0.184          ; Low Pulse Width  ; clk   ; Rise       ; state_reg.read1           ;
; 9.437  ; 9.621        ; 0.184          ; Low Pulse Width  ; clk   ; Rise       ; state_reg.read2           ;
; 9.437  ; 9.621        ; 0.184          ; Low Pulse Width  ; clk   ; Rise       ; state_reg.read3           ;
; 9.437  ; 9.621        ; 0.184          ; Low Pulse Width  ; clk   ; Rise       ; state_reg.read4           ;
; 9.437  ; 9.621        ; 0.184          ; Low Pulse Width  ; clk   ; Rise       ; state_reg.write           ;
; 9.437  ; 9.621        ; 0.184          ; Low Pulse Width  ; clk   ; Rise       ; we_buf_reg                ;
; 9.616  ; 9.616        ; 0.000          ; Low Pulse Width  ; clk   ; Rise       ; oe_buf_reg|clk            ;
; 9.616  ; 9.616        ; 0.000          ; Low Pulse Width  ; clk   ; Rise       ; state_reg.idle|clk        ;
; 9.616  ; 9.616        ; 0.000          ; Low Pulse Width  ; clk   ; Rise       ; state_reg.read1|clk       ;
; 9.616  ; 9.616        ; 0.000          ; Low Pulse Width  ; clk   ; Rise       ; state_reg.read2|clk       ;
; 9.616  ; 9.616        ; 0.000          ; Low Pulse Width  ; clk   ; Rise       ; state_reg.read3|clk       ;
; 9.616  ; 9.616        ; 0.000          ; Low Pulse Width  ; clk   ; Rise       ; state_reg.read4|clk       ;
; 9.616  ; 9.616        ; 0.000          ; Low Pulse Width  ; clk   ; Rise       ; state_reg.write|clk       ;
; 9.616  ; 9.616        ; 0.000          ; Low Pulse Width  ; clk   ; Rise       ; we_buf_reg|clk            ;
; 9.620  ; 9.620        ; 0.000          ; Low Pulse Width  ; clk   ; Rise       ; clk~input|o               ;
; 9.633  ; 9.633        ; 0.000          ; Low Pulse Width  ; clk   ; Rise       ; clk~inputclkctrl|inclk[0] ;
; 9.633  ; 9.633        ; 0.000          ; Low Pulse Width  ; clk   ; Rise       ; clk~inputclkctrl|outclk   ;
; 10.000 ; 10.000       ; 0.000          ; High Pulse Width ; clk   ; Rise       ; clk~input|i               ;
; 10.000 ; 10.000       ; 0.000          ; Low Pulse Width  ; clk   ; Rise       ; clk~input|i               ;
; 10.162 ; 10.378       ; 0.216          ; High Pulse Width ; clk   ; Rise       ; oe_buf_reg                ;
; 10.162 ; 10.378       ; 0.216          ; High Pulse Width ; clk   ; Rise       ; state_reg.idle            ;
; 10.162 ; 10.378       ; 0.216          ; High Pulse Width ; clk   ; Rise       ; state_reg.read1           ;
; 10.162 ; 10.378       ; 0.216          ; High Pulse Width ; clk   ; Rise       ; state_reg.read2           ;
; 10.162 ; 10.378       ; 0.216          ; High Pulse Width ; clk   ; Rise       ; state_reg.read3           ;
; 10.162 ; 10.378       ; 0.216          ; High Pulse Width ; clk   ; Rise       ; state_reg.read4           ;
; 10.162 ; 10.378       ; 0.216          ; High Pulse Width ; clk   ; Rise       ; state_reg.write           ;
; 10.162 ; 10.378       ; 0.216          ; High Pulse Width ; clk   ; Rise       ; we_buf_reg                ;
; 10.366 ; 10.366       ; 0.000          ; High Pulse Width ; clk   ; Rise       ; clk~inputclkctrl|inclk[0] ;
; 10.366 ; 10.366       ; 0.000          ; High Pulse Width ; clk   ; Rise       ; clk~inputclkctrl|outclk   ;
; 10.380 ; 10.380       ; 0.000          ; High Pulse Width ; clk   ; Rise       ; clk~input|o               ;
; 10.383 ; 10.383       ; 0.000          ; High Pulse Width ; clk   ; Rise       ; oe_buf_reg|clk            ;
; 10.383 ; 10.383       ; 0.000          ; High Pulse Width ; clk   ; Rise       ; state_reg.idle|clk        ;
; 10.383 ; 10.383       ; 0.000          ; High Pulse Width ; clk   ; Rise       ; state_reg.read1|clk       ;
; 10.383 ; 10.383       ; 0.000          ; High Pulse Width ; clk   ; Rise       ; state_reg.read2|clk       ;
; 10.383 ; 10.383       ; 0.000          ; High Pulse Width ; clk   ; Rise       ; state_reg.read3|clk       ;
; 10.383 ; 10.383       ; 0.000          ; High Pulse Width ; clk   ; Rise       ; state_reg.read4|clk       ;
; 10.383 ; 10.383       ; 0.000          ; High Pulse Width ; clk   ; Rise       ; state_reg.write|clk       ;
; 10.383 ; 10.383       ; 0.000          ; High Pulse Width ; clk   ; Rise       ; we_buf_reg|clk            ;
; 16.000 ; 20.000       ; 4.000          ; Port Rate        ; clk   ; Rise       ; clk                       ;
; 18.000 ; 20.000       ; 2.000          ; Min Period       ; clk   ; Rise       ; oe_buf_reg                ;
; 18.000 ; 20.000       ; 2.000          ; Min Period       ; clk   ; Rise       ; state_reg.idle            ;
; 18.000 ; 20.000       ; 2.000          ; Min Period       ; clk   ; Rise       ; state_reg.read1           ;
; 18.000 ; 20.000       ; 2.000          ; Min Period       ; clk   ; Rise       ; state_reg.read2           ;
; 18.000 ; 20.000       ; 2.000          ; Min Period       ; clk   ; Rise       ; state_reg.read3           ;
; 18.000 ; 20.000       ; 2.000          ; Min Period       ; clk   ; Rise       ; state_reg.read4           ;
; 18.000 ; 20.000       ; 2.000          ; Min Period       ; clk   ; Rise       ; state_reg.write           ;
; 18.000 ; 20.000       ; 2.000          ; Min Period       ; clk   ; Rise       ; we_buf_reg                ;
+--------+--------------+----------------+------------------+-------+------------+---------------------------+


+-----------------------------------------------------------------------+
; Setup Times                                                           ;
+-----------+------------+-------+-------+------------+-----------------+
; Data Port ; Clock Port ; Rise  ; Fall  ; Clock Edge ; Clock Reference ;
+-----------+------------+-------+-------+------------+-----------------+
; burst     ; clk        ; 0.620 ; 1.156 ; Rise       ; clk             ;
; mem       ; clk        ; 0.875 ; 1.442 ; Rise       ; clk             ;
; rw        ; clk        ; 0.696 ; 1.236 ; Rise       ; clk             ;
+-----------+------------+-------+-------+------------+-----------------+


+-------------------------------------------------------------------------+
; Hold Times                                                              ;
+-----------+------------+--------+--------+------------+-----------------+
; Data Port ; Clock Port ; Rise   ; Fall   ; Clock Edge ; Clock Reference ;
+-----------+------------+--------+--------+------------+-----------------+
; burst     ; clk        ; -0.202 ; -0.748 ; Rise       ; clk             ;
; mem       ; clk        ; -0.297 ; -0.876 ; Rise       ; clk             ;
; rw        ; clk        ; -0.166 ; -0.732 ; Rise       ; clk             ;
+-----------+------------+--------+--------+------------+-----------------+


+-----------------------------------------------------------------------+
; Clock to Output Times                                                 ;
+-----------+------------+-------+-------+------------+-----------------+
; Data Port ; Clock Port ; Rise  ; Fall  ; Clock Edge ; Clock Reference ;
+-----------+------------+-------+-------+------------+-----------------+
; oe        ; clk        ; 4.406 ; 4.507 ; Rise       ; clk             ;
; we        ; clk        ; 3.686 ; 3.770 ; Rise       ; clk             ;
+-----------+------------+-------+-------+------------+-----------------+


+-----------------------------------------------------------------------+
; Minimum Clock to Output Times                                         ;
+-----------+------------+-------+-------+------------+-----------------+
; Data Port ; Clock Port ; Rise  ; Fall  ; Clock Edge ; Clock Reference ;
+-----------+------------+-------+-------+------------+-----------------+
; oe        ; clk        ; 4.295 ; 4.394 ; Rise       ; clk             ;
; we        ; clk        ; 3.569 ; 3.651 ; Rise       ; clk             ;
+-----------+------------+-------+-------+------------+-----------------+


---------------------------------------------
; Fast 1200mV 0C Model Metastability Report ;
---------------------------------------------
No synchronizer chains to report.


+------------------------------------------------------------------------------+
; Multicorner Timing Analysis Summary                                          ;
+------------------+--------+-------+----------+---------+---------------------+
; Clock            ; Setup  ; Hold  ; Recovery ; Removal ; Minimum Pulse Width ;
+------------------+--------+-------+----------+---------+---------------------+
; Worst-case Slack ; 18.158 ; 0.190 ; N/A      ; N/A     ; 9.437               ;
;  clk             ; 18.158 ; 0.190 ; N/A      ; N/A     ; 9.437               ;
; Design-wide TNS  ; 0.0    ; 0.0   ; 0.0      ; 0.0     ; 0.0                 ;
;  clk             ; 0.000  ; 0.000 ; N/A      ; N/A     ; 0.000               ;
+------------------+--------+-------+----------+---------+---------------------+


+-----------------------------------------------------------------------+
; Setup Times                                                           ;
+-----------+------------+-------+-------+------------+-----------------+
; Data Port ; Clock Port ; Rise  ; Fall  ; Clock Edge ; Clock Reference ;
+-----------+------------+-------+-------+------------+-----------------+
; burst     ; clk        ; 1.358 ; 1.746 ; Rise       ; clk             ;
; mem       ; clk        ; 1.941 ; 2.314 ; Rise       ; clk             ;
; rw        ; clk        ; 1.531 ; 1.903 ; Rise       ; clk             ;
+-----------+------------+-------+-------+------------+-----------------+


+-------------------------------------------------------------------------+
; Hold Times                                                              ;
+-----------+------------+--------+--------+------------+-----------------+
; Data Port ; Clock Port ; Rise   ; Fall   ; Clock Edge ; Clock Reference ;
+-----------+------------+--------+--------+------------+-----------------+
; burst     ; clk        ; -0.202 ; -0.639 ; Rise       ; clk             ;
; mem       ; clk        ; -0.297 ; -0.869 ; Rise       ; clk             ;
; rw        ; clk        ; -0.166 ; -0.622 ; Rise       ; clk             ;
+-----------+------------+--------+--------+------------+-----------------+


+-----------------------------------------------------------------------+
; Clock to Output Times                                                 ;
+-----------+------------+-------+-------+------------+-----------------+
; Data Port ; Clock Port ; Rise  ; Fall  ; Clock Edge ; Clock Reference ;
+-----------+------------+-------+-------+------------+-----------------+
; oe        ; clk        ; 7.879 ; 7.988 ; Rise       ; clk             ;
; we        ; clk        ; 6.917 ; 6.925 ; Rise       ; clk             ;
+-----------+------------+-------+-------+------------+-----------------+


+-----------------------------------------------------------------------+
; Minimum Clock to Output Times                                         ;
+-----------+------------+-------+-------+------------+-----------------+
; Data Port ; Clock Port ; Rise  ; Fall  ; Clock Edge ; Clock Reference ;
+-----------+------------+-------+-------+------------+-----------------+
; oe        ; clk        ; 4.295 ; 4.394 ; Rise       ; clk             ;
; we        ; clk        ; 3.569 ; 3.651 ; Rise       ; clk             ;
+-----------+------------+-------+-------+------------+-----------------+


+------------------------------------------------------------------------------------------------------------------------------------------------------------------------------------------------------------------------------------------------------------------------------------------------------------------------------------------------------------------------------------------------------------------+
; Board Trace Model Assignments                                                                                                                                                                                                                                                                                                                                                                                    ;
+---------------+--------------+-------------------+-------------------------+-------------------------+---------------+---------------------+----------------+------------------+--------+------------------+------------------------+------------------------+--------------+---------------+-----------------+-------+---------------------+--------------------+---------------+-----------------+-------------+
; Pin           ; I/O Standard ; Near Tline Length ; Near Tline L per Length ; Near Tline C per Length ; Near Series R ; Near Differential R ; Near Pull-up R ; Near Pull-down R ; Near C ; Far Tline Length ; Far Tline L per Length ; Far Tline C per Length ; Far Series R ; Far Pull-up R ; Far Pull-down R ; Far C ; Termination Voltage ; Far Differential R ; EBD File Name ; EBD Signal Name ; EBD Far-end ;
+---------------+--------------+-------------------+-------------------------+-------------------------+---------------+---------------------+----------------+------------------+--------+------------------+------------------------+------------------------+--------------+---------------+-----------------+-------+---------------------+--------------------+---------------+-----------------+-------------+
; oe            ; 2.5 V        ; 0 in              ; 0 H/in                  ; 0 F/in                  ; short         ; -                   ; open           ; open             ; open   ; 0 in             ; 0 H/in                 ; 0 F/in                 ; short        ; open          ; open            ; open  ; 0 V                 ; -                  ; n/a           ; n/a             ; n/a         ;
; we            ; 2.5 V        ; 0 in              ; 0 H/in                  ; 0 F/in                  ; short         ; -                   ; open           ; open             ; open   ; 0 in             ; 0 H/in                 ; 0 F/in                 ; short        ; open          ; open            ; open  ; 0 V                 ; -                  ; n/a           ; n/a             ; n/a         ;
; we_me         ; 2.5 V        ; 0 in              ; 0 H/in                  ; 0 F/in                  ; short         ; -                   ; open           ; open             ; open   ; 0 in             ; 0 H/in                 ; 0 F/in                 ; short        ; open          ; open            ; open  ; 0 V                 ; -                  ; n/a           ; n/a             ; n/a         ;
; ~ALTERA_DCLK~ ; 2.5 V        ; 0 in              ; 0 H/in                  ; 0 F/in                  ; short         ; -                   ; open           ; open             ; open   ; 0 in             ; 0 H/in                 ; 0 F/in                 ; short        ; open          ; open            ; open  ; 0 V                 ; -                  ; n/a           ; n/a             ; n/a         ;
; ~ALTERA_nCEO~ ; 2.5 V        ; 0 in              ; 0 H/in                  ; 0 F/in                  ; short         ; -                   ; open           ; open             ; open   ; 0 in             ; 0 H/in                 ; 0 F/in                 ; short        ; open          ; open            ; open  ; 0 V                 ; -                  ; n/a           ; n/a             ; n/a         ;
+---------------+--------------+-------------------+-------------------------+-------------------------+---------------+---------------------+----------------+------------------+--------+------------------+------------------------+------------------------+--------------+---------------+-----------------+-------+---------------------+--------------------+---------------+-----------------+-------------+


+----------------------------------------------------------------------------+
; Input Transition Times                                                     ;
+-------------------------+--------------+-----------------+-----------------+
; Pin                     ; I/O Standard ; 10-90 Rise Time ; 90-10 Fall Time ;
+-------------------------+--------------+-----------------+-----------------+
; mem                     ; 2.5 V        ; 2000 ps         ; 2000 ps         ;
; burst                   ; 2.5 V        ; 2000 ps         ; 2000 ps         ;
; rw                      ; 2.5 V        ; 2000 ps         ; 2000 ps         ;
; clk                     ; 2.5 V        ; 2000 ps         ; 2000 ps         ;
; reset                   ; 2.5 V        ; 2000 ps         ; 2000 ps         ;
; ~ALTERA_ASDO_DATA1~     ; 2.5 V        ; 2000 ps         ; 2000 ps         ;
; ~ALTERA_FLASH_nCE_nCSO~ ; 2.5 V        ; 2000 ps         ; 2000 ps         ;
; ~ALTERA_DATA0~          ; 2.5 V        ; 2000 ps         ; 2000 ps         ;
+-------------------------+--------------+-----------------+-----------------+


+--------------------------------------------------------------------------------------------------------------------------------------------------------------------------------------------------------------------------------------------------------------------------------------------------------------------------------------------------------------------------------------------------------------------------------------------------------------------------------------------------------------------------------------------------------------------------------------------------------------------------------------------------------------------------------------------+
; Signal Integrity Metrics (Slow 1200mv 0c Model)                                                                                                                                                                                                                                                                                                                                                                                                                                                                                                                                                                                                                                            ;
+---------------+--------------+---------------------+---------------------+------------------------------+------------------------------+---------------------+---------------------+--------------------------------------+--------------------------------------+-----------------------------+-----------------------------+----------------------------+----------------------------+-----------------------------+-----------------------------+--------------------+--------------------+-------------------------------------+-------------------------------------+----------------------------+----------------------------+---------------------------+---------------------------+
; Pin           ; I/O Standard ; Board Delay on Rise ; Board Delay on Fall ; Steady State Voh at FPGA Pin ; Steady State Vol at FPGA Pin ; Voh Max at FPGA Pin ; Vol Min at FPGA Pin ; Ringback Voltage on Rise at FPGA Pin ; Ringback Voltage on Fall at FPGA Pin ; 10-90 Rise Time at FPGA Pin ; 90-10 Fall Time at FPGA Pin ; Monotonic Rise at FPGA Pin ; Monotonic Fall at FPGA Pin ; Steady State Voh at Far-end ; Steady State Vol at Far-end ; Voh Max at Far-end ; Vol Min at Far-end ; Ringback Voltage on Rise at Far-end ; Ringback Voltage on Fall at Far-end ; 10-90 Rise Time at Far-end ; 90-10 Fall Time at Far-end ; Monotonic Rise at Far-end ; Monotonic Fall at Far-end ;
+---------------+--------------+---------------------+---------------------+------------------------------+------------------------------+---------------------+---------------------+--------------------------------------+--------------------------------------+-----------------------------+-----------------------------+----------------------------+----------------------------+-----------------------------+-----------------------------+--------------------+--------------------+-------------------------------------+-------------------------------------+----------------------------+----------------------------+---------------------------+---------------------------+
; oe            ; 2.5 V        ; 0 s                 ; 0 s                 ; 2.32 V                       ; 3.07e-09 V                   ; 2.33 V              ; -0.00496 V          ; 0.223 V                              ; 0.086 V                              ; 2.9e-09 s                   ; 2.73e-09 s                  ; Yes                        ; Yes                        ; 2.32 V                      ; 3.07e-09 V                  ; 2.33 V             ; -0.00496 V         ; 0.223 V                             ; 0.086 V                             ; 2.9e-09 s                  ; 2.73e-09 s                 ; Yes                       ; Yes                       ;
; we            ; 2.5 V        ; 0 s                 ; 0 s                 ; 2.32 V                       ; 3.07e-09 V                   ; 2.37 V              ; -0.00994 V          ; 0.186 V                              ; 0.028 V                              ; 4.98e-10 s                  ; 4.96e-10 s                  ; Yes                        ; Yes                        ; 2.32 V                      ; 3.07e-09 V                  ; 2.37 V             ; -0.00994 V         ; 0.186 V                             ; 0.028 V                             ; 4.98e-10 s                 ; 4.96e-10 s                 ; Yes                       ; Yes                       ;
; we_me         ; 2.5 V        ; 0 s                 ; 0 s                 ; 2.32 V                       ; 4.49e-09 V                   ; 2.38 V              ; -0.00552 V          ; 0.096 V                              ; 0.019 V                              ; 4.18e-10 s                  ; 3.59e-10 s                  ; No                         ; Yes                        ; 2.32 V                      ; 4.49e-09 V                  ; 2.38 V             ; -0.00552 V         ; 0.096 V                             ; 0.019 V                             ; 4.18e-10 s                 ; 3.59e-10 s                 ; No                        ; Yes                       ;
; ~ALTERA_DCLK~ ; 2.5 V        ; 0 s                 ; 0 s                 ; 2.32 V                       ; 2.67e-09 V                   ; 2.38 V              ; -0.0485 V           ; 0.167 V                              ; 0.096 V                              ; 2.95e-10 s                  ; 2.73e-10 s                  ; Yes                        ; Yes                        ; 2.32 V                      ; 2.67e-09 V                  ; 2.38 V             ; -0.0485 V          ; 0.167 V                             ; 0.096 V                             ; 2.95e-10 s                 ; 2.73e-10 s                 ; Yes                       ; Yes                       ;
; ~ALTERA_nCEO~ ; 2.5 V        ; 0 s                 ; 0 s                 ; 2.32 V                       ; 4.18e-09 V                   ; 2.38 V              ; -0.00483 V          ; 0.152 V                              ; 0.012 V                              ; 4.81e-10 s                  ; 6.29e-10 s                  ; Yes                        ; Yes                        ; 2.32 V                      ; 4.18e-09 V                  ; 2.38 V             ; -0.00483 V         ; 0.152 V                             ; 0.012 V                             ; 4.81e-10 s                 ; 6.29e-10 s                 ; Yes                       ; Yes                       ;
+---------------+--------------+---------------------+---------------------+------------------------------+------------------------------+---------------------+---------------------+--------------------------------------+--------------------------------------+-----------------------------+-----------------------------+----------------------------+----------------------------+-----------------------------+-----------------------------+--------------------+--------------------+-------------------------------------+-------------------------------------+----------------------------+----------------------------+---------------------------+---------------------------+


+--------------------------------------------------------------------------------------------------------------------------------------------------------------------------------------------------------------------------------------------------------------------------------------------------------------------------------------------------------------------------------------------------------------------------------------------------------------------------------------------------------------------------------------------------------------------------------------------------------------------------------------------------------------------------------------------+
; Signal Integrity Metrics (Slow 1200mv 85c Model)                                                                                                                                                                                                                                                                                                                                                                                                                                                                                                                                                                                                                                           ;
+---------------+--------------+---------------------+---------------------+------------------------------+------------------------------+---------------------+---------------------+--------------------------------------+--------------------------------------+-----------------------------+-----------------------------+----------------------------+----------------------------+-----------------------------+-----------------------------+--------------------+--------------------+-------------------------------------+-------------------------------------+----------------------------+----------------------------+---------------------------+---------------------------+
; Pin           ; I/O Standard ; Board Delay on Rise ; Board Delay on Fall ; Steady State Voh at FPGA Pin ; Steady State Vol at FPGA Pin ; Voh Max at FPGA Pin ; Vol Min at FPGA Pin ; Ringback Voltage on Rise at FPGA Pin ; Ringback Voltage on Fall at FPGA Pin ; 10-90 Rise Time at FPGA Pin ; 90-10 Fall Time at FPGA Pin ; Monotonic Rise at FPGA Pin ; Monotonic Fall at FPGA Pin ; Steady State Voh at Far-end ; Steady State Vol at Far-end ; Voh Max at Far-end ; Vol Min at Far-end ; Ringback Voltage on Rise at Far-end ; Ringback Voltage on Fall at Far-end ; 10-90 Rise Time at Far-end ; 90-10 Fall Time at Far-end ; Monotonic Rise at Far-end ; Monotonic Fall at Far-end ;
+---------------+--------------+---------------------+---------------------+------------------------------+------------------------------+---------------------+---------------------+--------------------------------------+--------------------------------------+-----------------------------+-----------------------------+----------------------------+----------------------------+-----------------------------+-----------------------------+--------------------+--------------------+-------------------------------------+-------------------------------------+----------------------------+----------------------------+---------------------------+---------------------------+
; oe            ; 2.5 V        ; 0 s                 ; 0 s                 ; 2.32 V                       ; 4.67e-07 V                   ; 2.33 V              ; -0.00269 V          ; 0.13 V                               ; 0.055 V                              ; 3.54e-09 s                  ; 3.29e-09 s                  ; Yes                        ; Yes                        ; 2.32 V                      ; 4.67e-07 V                  ; 2.33 V             ; -0.00269 V         ; 0.13 V                              ; 0.055 V                             ; 3.54e-09 s                 ; 3.29e-09 s                 ; Yes                       ; Yes                       ;
; we            ; 2.5 V        ; 0 s                 ; 0 s                 ; 2.32 V                       ; 4.67e-07 V                   ; 2.35 V              ; -0.00942 V          ; 0.116 V                              ; 0.033 V                              ; 6.66e-10 s                  ; 6.27e-10 s                  ; Yes                        ; Yes                        ; 2.32 V                      ; 4.67e-07 V                  ; 2.35 V             ; -0.00942 V         ; 0.116 V                             ; 0.033 V                             ; 6.66e-10 s                 ; 6.27e-10 s                 ; Yes                       ; Yes                       ;
; we_me         ; 2.5 V        ; 0 s                 ; 0 s                 ; 2.32 V                       ; 6.92e-07 V                   ; 2.35 V              ; -0.00996 V          ; 0.121 V                              ; 0.03 V                               ; 4.64e-10 s                  ; 4.47e-10 s                  ; Yes                        ; Yes                        ; 2.32 V                      ; 6.92e-07 V                  ; 2.35 V             ; -0.00996 V         ; 0.121 V                             ; 0.03 V                              ; 4.64e-10 s                 ; 4.47e-10 s                 ; Yes                       ; Yes                       ;
; ~ALTERA_DCLK~ ; 2.5 V        ; 0 s                 ; 0 s                 ; 2.32 V                       ; 3.75e-07 V                   ; 2.35 V              ; -0.0109 V           ; 0.084 V                              ; 0.027 V                              ; 4.31e-10 s                  ; 3.61e-10 s                  ; Yes                        ; Yes                        ; 2.32 V                      ; 3.75e-07 V                  ; 2.35 V             ; -0.0109 V          ; 0.084 V                             ; 0.027 V                             ; 4.31e-10 s                 ; 3.61e-10 s                 ; Yes                       ; Yes                       ;
; ~ALTERA_nCEO~ ; 2.5 V        ; 0 s                 ; 0 s                 ; 2.32 V                       ; 6.15e-07 V                   ; 2.35 V              ; -0.00712 V          ; 0.093 V                              ; 0.02 V                               ; 6.21e-10 s                  ; 7.9e-10 s                   ; Yes                        ; Yes                        ; 2.32 V                      ; 6.15e-07 V                  ; 2.35 V             ; -0.00712 V         ; 0.093 V                             ; 0.02 V                              ; 6.21e-10 s                 ; 7.9e-10 s                  ; Yes                       ; Yes                       ;
+---------------+--------------+---------------------+---------------------+------------------------------+------------------------------+---------------------+---------------------+--------------------------------------+--------------------------------------+-----------------------------+-----------------------------+----------------------------+----------------------------+-----------------------------+-----------------------------+--------------------+--------------------+-------------------------------------+-------------------------------------+----------------------------+----------------------------+---------------------------+---------------------------+


+--------------------------------------------------------------------------------------------------------------------------------------------------------------------------------------------------------------------------------------------------------------------------------------------------------------------------------------------------------------------------------------------------------------------------------------------------------------------------------------------------------------------------------------------------------------------------------------------------------------------------------------------------------------------------------------------+
; Signal Integrity Metrics (Fast 1200mv 0c Model)                                                                                                                                                                                                                                                                                                                                                                                                                                                                                                                                                                                                                                            ;
+---------------+--------------+---------------------+---------------------+------------------------------+------------------------------+---------------------+---------------------+--------------------------------------+--------------------------------------+-----------------------------+-----------------------------+----------------------------+----------------------------+-----------------------------+-----------------------------+--------------------+--------------------+-------------------------------------+-------------------------------------+----------------------------+----------------------------+---------------------------+---------------------------+
; Pin           ; I/O Standard ; Board Delay on Rise ; Board Delay on Fall ; Steady State Voh at FPGA Pin ; Steady State Vol at FPGA Pin ; Voh Max at FPGA Pin ; Vol Min at FPGA Pin ; Ringback Voltage on Rise at FPGA Pin ; Ringback Voltage on Fall at FPGA Pin ; 10-90 Rise Time at FPGA Pin ; 90-10 Fall Time at FPGA Pin ; Monotonic Rise at FPGA Pin ; Monotonic Fall at FPGA Pin ; Steady State Voh at Far-end ; Steady State Vol at Far-end ; Voh Max at Far-end ; Vol Min at Far-end ; Ringback Voltage on Rise at Far-end ; Ringback Voltage on Fall at Far-end ; 10-90 Rise Time at Far-end ; 90-10 Fall Time at Far-end ; Monotonic Rise at Far-end ; Monotonic Fall at Far-end ;
+---------------+--------------+---------------------+---------------------+------------------------------+------------------------------+---------------------+---------------------+--------------------------------------+--------------------------------------+-----------------------------+-----------------------------+----------------------------+----------------------------+-----------------------------+-----------------------------+--------------------+--------------------+-------------------------------------+-------------------------------------+----------------------------+----------------------------+---------------------------+---------------------------+
; oe            ; 2.5 V        ; 0 s                 ; 0 s                 ; 2.62 V                       ; 2.74e-08 V                   ; 2.64 V              ; -0.0117 V           ; 0.202 V                              ; 0.176 V                              ; 2.38e-09 s                  ; 2.22e-09 s                  ; No                         ; Yes                        ; 2.62 V                      ; 2.74e-08 V                  ; 2.64 V             ; -0.0117 V          ; 0.202 V                             ; 0.176 V                             ; 2.38e-09 s                 ; 2.22e-09 s                 ; No                        ; Yes                       ;
; we            ; 2.5 V        ; 0 s                 ; 0 s                 ; 2.62 V                       ; 2.74e-08 V                   ; 2.71 V              ; -0.0317 V           ; 0.148 V                              ; 0.064 V                              ; 4.51e-10 s                  ; 4.15e-10 s                  ; No                         ; Yes                        ; 2.62 V                      ; 2.74e-08 V                  ; 2.71 V             ; -0.0317 V          ; 0.148 V                             ; 0.064 V                             ; 4.51e-10 s                 ; 4.15e-10 s                 ; No                        ; Yes                       ;
; we_me         ; 2.5 V        ; 0 s                 ; 0 s                 ; 2.62 V                       ; 4.05e-08 V                   ; 2.72 V              ; -0.0349 V           ; 0.173 V                              ; 0.1 V                                ; 2.72e-10 s                  ; 2.69e-10 s                  ; Yes                        ; Yes                        ; 2.62 V                      ; 4.05e-08 V                  ; 2.72 V             ; -0.0349 V          ; 0.173 V                             ; 0.1 V                               ; 2.72e-10 s                 ; 2.69e-10 s                 ; Yes                       ; Yes                       ;
; ~ALTERA_DCLK~ ; 2.5 V        ; 0 s                 ; 0 s                 ; 2.62 V                       ; 2.22e-08 V                   ; 2.74 V              ; -0.06 V             ; 0.158 V                              ; 0.08 V                               ; 2.68e-10 s                  ; 2.19e-10 s                  ; Yes                        ; Yes                        ; 2.62 V                      ; 2.22e-08 V                  ; 2.74 V             ; -0.06 V            ; 0.158 V                             ; 0.08 V                              ; 2.68e-10 s                 ; 2.19e-10 s                 ; Yes                       ; Yes                       ;
; ~ALTERA_nCEO~ ; 2.5 V        ; 0 s                 ; 0 s                 ; 2.62 V                       ; 3.54e-08 V                   ; 2.7 V               ; -0.00943 V          ; 0.276 V                              ; 0.035 V                              ; 3.19e-10 s                  ; 4.99e-10 s                  ; No                         ; Yes                        ; 2.62 V                      ; 3.54e-08 V                  ; 2.7 V              ; -0.00943 V         ; 0.276 V                             ; 0.035 V                             ; 3.19e-10 s                 ; 4.99e-10 s                 ; No                        ; Yes                       ;
+---------------+--------------+---------------------+---------------------+------------------------------+------------------------------+---------------------+---------------------+--------------------------------------+--------------------------------------+-----------------------------+-----------------------------+----------------------------+----------------------------+-----------------------------+-----------------------------+--------------------+--------------------+-------------------------------------+-------------------------------------+----------------------------+----------------------------+---------------------------+---------------------------+


+-------------------------------------------------------------------+
; Setup Transfers                                                   ;
+------------+----------+----------+----------+----------+----------+
; From Clock ; To Clock ; RR Paths ; FR Paths ; RF Paths ; FF Paths ;
+------------+----------+----------+----------+----------+----------+
; clk        ; clk      ; 15       ; 0        ; 0        ; 0        ;
+------------+----------+----------+----------+----------+----------+
Entries labeled "false path" only account for clock-to-clock false paths and not path-based false paths. As a result, actual path counts may be lower than reported.


+-------------------------------------------------------------------+
; Hold Transfers                                                    ;
+------------+----------+----------+----------+----------+----------+
; From Clock ; To Clock ; RR Paths ; FR Paths ; RF Paths ; FF Paths ;
+------------+----------+----------+----------+----------+----------+
; clk        ; clk      ; 15       ; 0        ; 0        ; 0        ;
+------------+----------+----------+----------+----------+----------+
Entries labeled "false path" only account for clock-to-clock false paths and not path-based false paths. As a result, actual path counts may be lower than reported.


---------------
; Report TCCS ;
---------------
No dedicated SERDES Transmitter circuitry present in device or used in design


---------------
; Report RSKM ;
---------------
No dedicated SERDES Receiver circuitry present in device or used in design


+------------------------------------------------+
; Unconstrained Paths                            ;
+---------------------------------+-------+------+
; Property                        ; Setup ; Hold ;
+---------------------------------+-------+------+
; Illegal Clocks                  ; 0     ; 0    ;
; Unconstrained Clocks            ; 0     ; 0    ;
; Unconstrained Input Ports       ; 4     ; 4    ;
; Unconstrained Input Port Paths  ; 20    ; 20   ;
; Unconstrained Output Ports      ; 2     ; 2    ;
; Unconstrained Output Port Paths ; 2     ; 2    ;
+---------------------------------+-------+------+


+------------------------------------+
; TimeQuest Timing Analyzer Messages ;
+------------------------------------+
Info: *******************************************************************
Info: Running Quartus II 32-bit TimeQuest Timing Analyzer
    Info: Version 13.0.1 Build 232 06/12/2013 Service Pack 1 SJ Full Version
    Info: Processing started: Mon Jun 10 14:16:57 2019
Info: Command: quartus_sta MemoryController -c mem_ctrl_1
Info: qsta_default_script.tcl version: #1
Info (11104): Parallel Compilation has detected 40 hyper-threaded processors. However, the extra hyper-threaded processors will not be used by default. Parallel Compilation will use 16 of the 20 physical processors detected instead.
Info (21077): Core supply voltage is 1.2V
Info (21077): Low junction temperature is 0 degrees C
Info (21077): High junction temperature is 85 degrees C
Info (332104): Reading SDC File: 'SDC1.sdc'
Critical Warning (332168): The following clock transfers have no clock uncertainty assignment. For more accurate results, apply clock uncertainty assignments or use the derive_clock_uncertainty command.
    Critical Warning (332169): From clk (Rise) to clk (Rise) (setup and hold)
Info: Found TIMEQUEST_REPORT_SCRIPT_INCLUDE_DEFAULT_ANALYSIS = ON
Info: Analyzing Slow 1200mV 85C Model
Info (332146): Worst-case setup slack is 18.158
    Info (332119):     Slack End Point TNS Clock 
    Info (332119): ========= ============= =====================
    Info (332119):    18.158         0.000 clk 
Info (332146): Worst-case hold slack is 0.431
    Info (332119):     Slack End Point TNS Clock 
    Info (332119): ========= ============= =====================
    Info (332119):     0.431         0.000 clk 
Info (332140): No Recovery paths to report
Info (332140): No Removal paths to report
Info (332146): Worst-case minimum pulse width slack is 9.758
    Info (332119):     Slack End Point TNS Clock 
    Info (332119): ========= ============= =====================
    Info (332119):     9.758         0.000 clk 
Info: Analyzing Slow 1200mV 0C Model
Info (334003): Started post-fitting delay annotation
Info (334004): Delay annotation completed successfully
Critical Warning (332168): The following clock transfers have no clock uncertainty assignment. For more accurate results, apply clock uncertainty assignments or use the derive_clock_uncertainty command.
    Critical Warning (332169): From clk (Rise) to clk (Rise) (setup and hold)
Info (332146): Worst-case setup slack is 18.344
    Info (332119):     Slack End Point TNS Clock 
    Info (332119): ========= ============= =====================
    Info (332119):    18.344         0.000 clk 
Info (332146): Worst-case hold slack is 0.398
    Info (332119):     Slack End Point TNS Clock 
    Info (332119): ========= ============= =====================
    Info (332119):     0.398         0.000 clk 
Info (332140): No Recovery paths to report
Info (332140): No Removal paths to report
Info (332146): Worst-case minimum pulse width slack is 9.778
    Info (332119):     Slack End Point TNS Clock 
    Info (332119): ========= ============= =====================
    Info (332119):     9.778         0.000 clk 
Info: Analyzing Fast 1200mV 0C Model
Critical Warning (332168): The following clock transfers have no clock uncertainty assignment. For more accurate results, apply clock uncertainty assignments or use the derive_clock_uncertainty command.
    Critical Warning (332169): From clk (Rise) to clk (Rise) (setup and hold)
Info (332146): Worst-case setup slack is 19.114
    Info (332119):     Slack End Point TNS Clock 
    Info (332119): ========= ============= =====================
    Info (332119):    19.114         0.000 clk 
Info (332146): Worst-case hold slack is 0.190
    Info (332119):     Slack End Point TNS Clock 
    Info (332119): ========= ============= =====================
    Info (332119):     0.190         0.000 clk 
Info (332140): No Recovery paths to report
Info (332140): No Removal paths to report
Info (332146): Worst-case minimum pulse width slack is 9.437
    Info (332119):     Slack End Point TNS Clock 
    Info (332119): ========= ============= =====================
    Info (332119):     9.437         0.000 clk 
Info (332102): Design is not fully constrained for setup requirements
Info (332102): Design is not fully constrained for hold requirements
Info: Quartus II 32-bit TimeQuest Timing Analyzer was successful. 0 errors, 6 warnings
    Info: Peak virtual memory: 501 megabytes
    Info: Processing ended: Mon Jun 10 14:17:13 2019
    Info: Elapsed time: 00:00:16
    Info: Total CPU time (on all processors): 00:00:04


